#! /usr/local/iverilog/bin/vvp
:ivl_version "11.0 (devel)" "(s20150603-612-ga9388a89)";
:ivl_delay_selection "TYPICAL";
:vpi_time_precision + 0;
:vpi_module "system";
:vpi_module "vhdl_sys";
:vpi_module "vhdl_textio";
:vpi_module "v2005_math";
:vpi_module "va_math";
S_0000000001407d60 .scope module, "TestBench" "TestBench" 2 4;
 .timescale 0 0;
v00000000017b1f60_0 .var "Clk", 0 0;
v00000000017b1b00_0 .var "Reset", 0 0;
v00000000017b05c0_0 .var "Start", 0 0;
v00000000017b1880_0 .var/i "counter", 31 0;
v00000000017b0520_0 .var/i "flush", 31 0;
v00000000017b2000_0 .var/i "i", 31 0;
v00000000017b12e0_0 .var/i "outfile", 31 0;
v00000000017b1740_0 .var/i "stall", 31 0;
S_0000000001405970 .scope module, "CPU" "CPU" 2 14, 3 22 0, S_0000000001407d60;
 .timescale 0 0;
    .port_info 0 /INPUT 1 "clk_i";
    .port_info 1 /INPUT 1 "start_i";
    .port_info 2 /INPUT 1 "rst_i";
L_00000000013df020 .functor NOT 1, v00000000017a24a0_0, C4<0>, C4<0>, C4<0>;
v00000000017b2500_0 .net *"_s5", 6 0, L_00000000017b1d80;  1 drivers
v00000000017b0340_0 .net *"_s6", 2 0, L_00000000017b08e0;  1 drivers
v00000000017b1c40_0 .net "clk_i", 0 0, v00000000017b1f60_0;  1 drivers
v00000000017b1a60_0 .net "rst_i", 0 0, v00000000017b1b00_0;  1 drivers
v00000000017b21e0_0 .net "start_i", 0 0, v00000000017b05c0_0;  1 drivers
L_00000000017b1e20 .concat [ 3 7 0 0], L_00000000017b08e0, L_00000000017b1d80;
S_0000000001408b70 .scope module, "ALU" "ALU" 3 211, 4 1 0, S_0000000001405970;
 .timescale 0 0;
    .port_info 0 /INPUT 32 "data1_i";
    .port_info 1 /INPUT 32 "data2_i";
    .port_info 2 /INPUT 3 "ALUCtrl_i";
    .port_info 3 /OUTPUT 32 "data_o";
L_000000000180c7d0 .functor OR 32, L_000000000180e3c0, L_000000000180f0e0, C4<00000000000000000000000000000000>, C4<00000000000000000000000000000000>;
L_000000000180c680 .functor AND 32, L_000000000180e3c0, L_000000000180f0e0, C4<11111111111111111111111111111111>, C4<11111111111111111111111111111111>;
v00000000013f8460_0 .net "ALUCtrl_i", 2 0, v00000000017a53b0_0;  1 drivers
L_00000000017b4dd0 .functor BUFT 1, C4<000>, C4<0>, C4<0>, C4<0>;
v00000000013f7e20_0 .net/2u *"_s0", 2 0, L_00000000017b4dd0;  1 drivers
v00000000013f7740_0 .net *"_s10", 31 0, L_000000000180e5a0;  1 drivers
L_00000000017b4e60 .functor BUFT 1, C4<010>, C4<0>, C4<0>, C4<0>;
v00000000013f71a0_0 .net/2u *"_s12", 2 0, L_00000000017b4e60;  1 drivers
v00000000013f7420_0 .net *"_s14", 0 0, L_000000000180db00;  1 drivers
v00000000013f6e80_0 .net *"_s17", 31 0, L_000000000180e6e0;  1 drivers
L_00000000017b4ea8 .functor BUFT 1, C4<110>, C4<0>, C4<0>, C4<0>;
v00000000013f7ce0_0 .net/2u *"_s18", 2 0, L_00000000017b4ea8;  1 drivers
v00000000013f6d40_0 .net *"_s2", 0 0, L_000000000180da60;  1 drivers
v00000000013f7060_0 .net *"_s20", 0 0, L_000000000180d240;  1 drivers
v00000000013f88c0_0 .net *"_s22", 31 0, L_000000000180c7d0;  1 drivers
L_00000000017b4ef0 .functor BUFT 1, C4<111>, C4<0>, C4<0>, C4<0>;
v00000000013f7600_0 .net/2u *"_s24", 2 0, L_00000000017b4ef0;  1 drivers
v00000000013f6de0_0 .net *"_s26", 0 0, L_000000000180f220;  1 drivers
v00000000013f6fc0_0 .net *"_s28", 31 0, L_000000000180c680;  1 drivers
v00000000013f7880_0 .net *"_s30", 31 0, L_000000000180d9c0;  1 drivers
v00000000013f7100_0 .net *"_s32", 31 0, L_000000000180e0a0;  1 drivers
v00000000013f77e0_0 .net *"_s34", 31 0, L_000000000180f900;  1 drivers
v00000000013f7240_0 .net *"_s36", 31 0, L_000000000180d380;  1 drivers
v00000000013f72e0_0 .net *"_s4", 31 0, L_000000000180d4c0;  1 drivers
L_00000000017b4e18 .functor BUFT 1, C4<001>, C4<0>, C4<0>, C4<0>;
v00000000013f7b00_0 .net/2u *"_s6", 2 0, L_00000000017b4e18;  1 drivers
v00000000013f7560_0 .net *"_s8", 0 0, L_000000000180d2e0;  1 drivers
v00000000013f7380_0 .net "data1_i", 31 0, L_000000000180e3c0;  1 drivers
v00000000013f80a0_0 .net "data2_i", 31 0, L_000000000180f0e0;  1 drivers
v00000000013f7920_0 .net "data_o", 31 0, L_000000000180f2c0;  1 drivers
L_000000000180da60 .cmp/eq 3, v00000000017a53b0_0, L_00000000017b4dd0;
L_000000000180d4c0 .arith/sum 32, L_000000000180e3c0, L_000000000180f0e0;
L_000000000180d2e0 .cmp/eq 3, v00000000017a53b0_0, L_00000000017b4e18;
L_000000000180e5a0 .arith/sub 32, L_000000000180e3c0, L_000000000180f0e0;
L_000000000180db00 .cmp/eq 3, v00000000017a53b0_0, L_00000000017b4e60;
L_000000000180e6e0 .arith/mult 32, L_000000000180e3c0, L_000000000180f0e0;
L_000000000180d240 .cmp/eq 3, v00000000017a53b0_0, L_00000000017b4ea8;
L_000000000180f220 .cmp/eq 3, v00000000017a53b0_0, L_00000000017b4ef0;
L_000000000180d9c0 .functor MUXZ 32, L_000000000180e3c0, L_000000000180c680, L_000000000180f220, C4<>;
L_000000000180e0a0 .functor MUXZ 32, L_000000000180d9c0, L_000000000180c7d0, L_000000000180d240, C4<>;
L_000000000180f900 .functor MUXZ 32, L_000000000180e0a0, L_000000000180e6e0, L_000000000180db00, C4<>;
L_000000000180d380 .functor MUXZ 32, L_000000000180f900, L_000000000180e5a0, L_000000000180d2e0, C4<>;
L_000000000180f2c0 .functor MUXZ 32, L_000000000180d380, L_000000000180d4c0, L_000000000180da60, C4<>;
S_00000000013713b0 .scope module, "ALU_Control" "ALU_Control" 3 105, 5 1 0, S_0000000001405970;
 .timescale 0 0;
    .port_info 0 /INPUT 10 "funct_i";
    .port_info 1 /INPUT 2 "ALUOp_i";
    .port_info 2 /OUTPUT 3 "ALUCtrl_o";
v00000000013f7d80_0 .net "ALUCtrl", 2 0, L_00000000017b1420;  1 drivers
v00000000013f7ec0_0 .net "ALUCtrl_o", 2 0, L_00000000017b0e80;  1 drivers
v00000000013f7f60_0 .net "ALUOp_i", 1 0, v00000000017a0df0_0;  1 drivers
v00000000013f8000_0 .net *"_s12", 0 0, L_00000000017b2280;  1 drivers
L_00000000017b42d8 .functor BUFT 1, C4<10>, C4<0>, C4<0>, C4<0>;
v00000000013f6a20_0 .net/2u *"_s13", 1 0, L_00000000017b42d8;  1 drivers
v00000000013f8640_0 .net *"_s15", 0 0, L_00000000017b2960;  1 drivers
L_00000000017b4320 .functor BUFT 1, C4<000>, C4<0>, C4<0>, C4<0>;
v00000000013f8280_0 .net/2u *"_s17", 2 0, L_00000000017b4320;  1 drivers
v00000000013f8140_0 .net *"_s20", 0 0, L_00000000017b11a0;  1 drivers
v00000000013f8320_0 .net *"_s21", 31 0, L_00000000017b1060;  1 drivers
L_00000000017b4368 .functor BUFT 1, C4<0000000000000000000000000000000>, C4<0>, C4<0>, C4<0>;
v00000000013f6b60_0 .net *"_s24", 30 0, L_00000000017b4368;  1 drivers
L_00000000017b43b0 .functor BUFT 1, C4<00000000000000000000000000000001>, C4<0>, C4<0>, C4<0>;
v00000000013f8820_0 .net/2u *"_s25", 31 0, L_00000000017b43b0;  1 drivers
v00000000013f81e0_0 .net *"_s27", 0 0, L_00000000017b1ba0;  1 drivers
v00000000013f8500_0 .net *"_s3", 0 0, L_00000000017b0ac0;  1 drivers
v00000000013f85a0_0 .net *"_s30", 2 0, L_00000000017b2460;  1 drivers
v00000000013f86e0_0 .net *"_s31", 2 0, L_00000000017b1ce0;  1 drivers
v00000000013f8780_0 .net *"_s7", 0 0, L_00000000017b07a0;  1 drivers
v00000000013f6ac0_0 .net "funct_i", 9 0, L_00000000017b1e20;  1 drivers
L_00000000017b0ac0 .part L_00000000017b1e20, 2, 1;
L_00000000017b07a0 .part L_00000000017b1e20, 3, 1;
L_00000000017b1420 .concat8 [ 1 1 1 0], L_00000000017b2280, L_00000000017b07a0, L_00000000017b0ac0;
L_00000000017b2280 .part L_00000000017b1e20, 8, 1;
L_00000000017b2960 .cmp/ne 2, v00000000017a0df0_0, L_00000000017b42d8;
L_00000000017b11a0 .part L_00000000017b1e20, 2, 1;
L_00000000017b1060 .concat [ 1 31 0 0], L_00000000017b11a0, L_00000000017b4368;
L_00000000017b1ba0 .cmp/eq 32, L_00000000017b1060, L_00000000017b43b0;
L_00000000017b2460 .part L_00000000017b1e20, 0, 3;
L_00000000017b1ce0 .functor MUXZ 3, L_00000000017b1420, L_00000000017b2460, L_00000000017b1ba0, C4<>;
L_00000000017b0e80 .functor MUXZ 3, L_00000000017b1ce0, L_00000000017b4320, L_00000000017b2960, C4<>;
S_0000000001371540 .scope module, "Add_PC" "Adder" 3 51, 6 1 0, S_0000000001405970;
 .timescale 0 0;
    .port_info 0 /INPUT 32 "data1_in";
    .port_info 1 /INPUT 32 "data2_in";
    .port_info 2 /OUTPUT 32 "data_o";
v00000000013caad0_0 .net "data1_in", 31 0, v00000000017ad450_0;  1 drivers
L_00000000017b4248 .functor BUFT 1, C4<00000000000000000000000000000100>, C4<0>, C4<0>, C4<0>;
v00000000013c9770_0 .net "data2_in", 31 0, L_00000000017b4248;  1 drivers
v000000000138e8e0_0 .net "data_o", 31 0, L_00000000017b0a20;  1 drivers
L_00000000017b0a20 .arith/sum 32, v00000000017ad450_0, L_00000000017b4248;
S_00000000013693c0 .scope module, "Add_branch" "Adder" 3 132, 6 1 0, S_0000000001405970;
 .timescale 0 0;
    .port_info 0 /INPUT 32 "data1_in";
    .port_info 1 /INPUT 32 "data2_in";
    .port_info 2 /OUTPUT 32 "data_o";
v00000000017a1ed0_0 .net "data1_in", 31 0, v00000000017a4730_0;  1 drivers
v00000000017a0e90_0 .net "data2_in", 31 0, L_00000000017b3040;  1 drivers
v00000000017a1b10_0 .net "data_o", 31 0, L_00000000017b30e0;  1 drivers
L_00000000017b30e0 .arith/sum 32, v00000000017a4730_0, L_00000000017b3040;
S_0000000001369550 .scope module, "Branch" "Branch" 3 99, 7 1 0, S_0000000001405970;
 .timescale 0 0;
    .port_info 0 /INPUT 1 "Branch_i";
    .port_info 1 /INPUT 1 "equal_i";
    .port_info 2 /OUTPUT 1 "Branch_o";
v00000000017a0530_0 .net "Branch_i", 0 0, v00000000017a11b0_0;  1 drivers
v00000000017a0210_0 .var "Branch_o", 0 0;
v00000000017a1e30_0 .net "equal_i", 0 0, L_00000000017b2be0;  1 drivers
E_00000000013f1090 .event edge, v00000000017a0530_0, v00000000017a1e30_0;
S_00000000009dbea0 .scope module, "Control" "Control" 3 88, 8 1 0, S_0000000001405970;
 .timescale 0 0;
    .port_info 0 /INPUT 7 "Op_i";
    .port_info 1 /INPUT 1 "Stall_i";
    .port_info 2 /OUTPUT 1 "Branch_o";
    .port_info 3 /OUTPUT 1 "MemtoReg_o";
    .port_info 4 /OUTPUT 2 "ALUOp_o";
    .port_info 5 /OUTPUT 1 "MemWrite_o";
    .port_info 6 /OUTPUT 1 "ALUSrc_o";
    .port_info 7 /OUTPUT 1 "RegWrite_o";
v00000000017a0df0_0 .var "ALUOp_o", 1 0;
v00000000017a1bb0_0 .var "ALUSrc_o", 0 0;
v00000000017a11b0_0 .var "Branch_o", 0 0;
v00000000017a0350_0 .var "MemWrite_o", 0 0;
v00000000017a0d50_0 .var "MemtoReg_o", 0 0;
v00000000017a1930_0 .net "Op_i", 6 0, L_00000000017b28c0;  1 drivers
v00000000017a17f0_0 .var "RegWrite_o", 0 0;
v00000000017a0710_0 .net "Stall_i", 0 0, v00000000017a24a0_0;  1 drivers
E_00000000013f2c10 .event edge, v00000000017a0710_0, v00000000017a1930_0;
S_00000000009dc030 .scope module, "Data_Memory" "Data_Memory" 3 234, 9 1 0, S_0000000001405970;
 .timescale 0 0;
    .port_info 0 /INPUT 1 "clk_i";
    .port_info 1 /INPUT 32 "addr_i";
    .port_info 2 /INPUT 1 "MemWrite_i";
    .port_info 3 /INPUT 32 "data_i";
    .port_info 4 /OUTPUT 32 "data_o";
v00000000017a1110_0 .net "MemWrite_i", 0 0, v00000000017a1250_0;  1 drivers
v00000000017a1570_0 .net *"_s0", 31 0, L_000000000180dc40;  1 drivers
v00000000017a1c50_0 .net "addr_i", 31 0, v00000000017a07b0_0;  1 drivers
v00000000017a05d0_0 .net "clk_i", 0 0, v00000000017b1f60_0;  alias, 1 drivers
v00000000017a0670_0 .net "data_i", 31 0, v00000000017a02b0_0;  1 drivers
v00000000017a1890_0 .net "data_o", 31 0, L_000000000180d420;  1 drivers
v00000000017a16b0 .array "memory", 1023 0, 31 0;
E_00000000013f4110 .event posedge, v00000000017a05d0_0;
L_000000000180dc40 .array/port v00000000017a16b0, v00000000017a07b0_0;
L_000000000180d420 .functor MUXZ 32, L_000000000180dc40, v00000000017a02b0_0, v00000000017a1250_0, C4<>;
S_00000000009deaa0 .scope module, "EX_MEM" "EX_MEM" 3 218, 10 1 0, S_0000000001405970;
 .timescale 0 0;
    .port_info 0 /INPUT 1 "clk_i";
    .port_info 1 /INPUT 32 "ALU_i";
    .port_info 2 /INPUT 32 "data_i";
    .port_info 3 /INPUT 5 "RD_i";
    .port_info 4 /INPUT 1 "MemtoReg_i";
    .port_info 5 /INPUT 1 "MemWrite_i";
    .port_info 6 /INPUT 1 "RegWrite_i";
    .port_info 7 /OUTPUT 32 "ALU_o";
    .port_info 8 /OUTPUT 32 "data_o";
    .port_info 9 /OUTPUT 5 "RD_o";
    .port_info 10 /OUTPUT 1 "MemtoReg_o";
    .port_info 11 /OUTPUT 1 "MemWrite_o";
    .port_info 12 /OUTPUT 1 "RegWrite_o";
v00000000017a0f30_0 .net "ALU_i", 31 0, L_000000000180f2c0;  alias, 1 drivers
v00000000017a07b0_0 .var "ALU_o", 31 0;
v00000000017a1390_0 .net "MemWrite_i", 0 0, v00000000017a4e10_0;  1 drivers
v00000000017a1250_0 .var "MemWrite_o", 0 0;
v00000000017a1cf0_0 .net "MemtoReg_i", 0 0, v00000000017a5db0_0;  1 drivers
v00000000017a0850_0 .var "MemtoReg_o", 0 0;
v00000000017a08f0_0 .net "RD_i", 4 0, v00000000017a4d70_0;  1 drivers
v00000000017a19d0_0 .var "RD_o", 4 0;
v00000000017a1430_0 .net "RegWrite_i", 0 0, v00000000017a4190_0;  1 drivers
v00000000017a0490_0 .var "RegWrite_o", 0 0;
v00000000017a0fd0_0 .net "clk_i", 0 0, v00000000017b1f60_0;  alias, 1 drivers
v00000000017a1070_0 .net "data_i", 31 0, L_000000000180d740;  1 drivers
v00000000017a02b0_0 .var "data_o", 31 0;
S_00000000009dec30 .scope module, "Equal" "Equal" 3 138, 11 1 0, S_0000000001405970;
 .timescale 0 0;
    .port_info 0 /INPUT 32 "data1_i";
    .port_info 1 /INPUT 32 "data2_i";
    .port_info 2 /OUTPUT 1 "equal_o";
v00000000017a1a70_0 .net *"_s0", 0 0, L_00000000017b2b40;  1 drivers
L_00000000017b4680 .functor BUFT 1, C4<01>, C4<0>, C4<0>, C4<0>;
v00000000017a1d90_0 .net/2s *"_s2", 1 0, L_00000000017b4680;  1 drivers
L_00000000017b46c8 .functor BUFT 1, C4<00>, C4<0>, C4<0>, C4<0>;
v00000000017a12f0_0 .net/2s *"_s4", 1 0, L_00000000017b46c8;  1 drivers
v00000000017a1750_0 .net *"_s6", 1 0, L_00000000017b37c0;  1 drivers
v00000000017a2010_0 .net "data1_i", 31 0, L_00000000017b26e0;  1 drivers
v00000000017a1f70_0 .net "data2_i", 31 0, L_00000000017b1600;  1 drivers
v00000000017a0170_0 .net "equal_o", 0 0, L_00000000017b2be0;  alias, 1 drivers
L_00000000017b2b40 .cmp/eq 32, L_00000000017b26e0, L_00000000017b1600;
L_00000000017b37c0 .functor MUXZ 2, L_00000000017b46c8, L_00000000017b4680, L_00000000017b2b40, C4<>;
L_00000000017b2be0 .part L_00000000017b37c0, 0, 1;
S_0000000001358a10 .scope module, "Forwarding_A" "Forwarding" 3 170, 12 1 0, S_0000000001405970;
 .timescale 0 0;
    .port_info 0 /INPUT 5 "ID_EX_RS";
    .port_info 1 /INPUT 5 "EX_MEM_RD";
    .port_info 2 /INPUT 5 "MEM_WB_RD";
    .port_info 3 /INPUT 1 "EX_MEM_RegWrite";
    .port_info 4 /INPUT 1 "MEM_WB_RegWrite";
    .port_info 5 /OUTPUT 2 "Forward";
L_00000000013b0e00 .functor AND 1, v00000000017a0490_0, L_00000000017b3a40, C4<1>, C4<1>;
L_00000000013b0fc0 .functor AND 1, L_00000000013b0e00, L_00000000017b32c0, C4<1>, C4<1>;
L_00000000013b1500 .functor AND 1, v00000000017a5e50_0, L_00000000017b3400, C4<1>, C4<1>;
L_0000000001380170 .functor AND 1, L_00000000013b1500, L_00000000017b3e00, C4<1>, C4<1>;
v00000000017a03f0_0 .net "EX_MEM_RD", 4 0, v00000000017a19d0_0;  1 drivers
v00000000017a0b70_0 .net "EX_MEM_RegWrite", 0 0, v00000000017a0490_0;  1 drivers
v00000000017a14d0_0 .net "Forward", 1 0, L_00000000017b34a0;  1 drivers
v00000000017a0990_0 .net "ID_EX_RS", 4 0, v00000000017a5810_0;  1 drivers
v00000000017a1610_0 .net "MEM_WB_RD", 4 0, v00000000017a59f0_0;  1 drivers
v00000000017a0ad0_0 .net "MEM_WB_RegWrite", 0 0, v00000000017a5e50_0;  1 drivers
v00000000017a0a30_0 .net *"_s0", 31 0, L_00000000017b39a0;  1 drivers
v00000000017a0c10_0 .net *"_s10", 0 0, L_00000000017b32c0;  1 drivers
v00000000017a0cb0_0 .net *"_s12", 0 0, L_00000000013b0fc0;  1 drivers
L_00000000017b47a0 .functor BUFT 1, C4<10>, C4<0>, C4<0>, C4<0>;
v00000000017a2680_0 .net/2u *"_s14", 1 0, L_00000000017b47a0;  1 drivers
v00000000017a2220_0 .net *"_s16", 31 0, L_00000000017b35e0;  1 drivers
L_00000000017b47e8 .functor BUFT 1, C4<000000000000000000000000000>, C4<0>, C4<0>, C4<0>;
v00000000017a2180_0 .net *"_s19", 26 0, L_00000000017b47e8;  1 drivers
L_00000000017b4830 .functor BUFT 1, C4<00000000000000000000000000000000>, C4<0>, C4<0>, C4<0>;
v00000000017a3c60_0 .net/2u *"_s20", 31 0, L_00000000017b4830;  1 drivers
v00000000017a3300_0 .net *"_s22", 0 0, L_00000000017b3400;  1 drivers
v00000000017a3120_0 .net *"_s24", 0 0, L_00000000013b1500;  1 drivers
v00000000017a3260_0 .net *"_s26", 0 0, L_00000000017b3e00;  1 drivers
v00000000017a2cc0_0 .net *"_s28", 0 0, L_0000000001380170;  1 drivers
L_00000000017b4710 .functor BUFT 1, C4<000000000000000000000000000>, C4<0>, C4<0>, C4<0>;
v00000000017a22c0_0 .net *"_s3", 26 0, L_00000000017b4710;  1 drivers
L_00000000017b4878 .functor BUFT 1, C4<01>, C4<0>, C4<0>, C4<0>;
v00000000017a3e40_0 .net/2u *"_s30", 1 0, L_00000000017b4878;  1 drivers
L_00000000017b48c0 .functor BUFT 1, C4<00>, C4<0>, C4<0>, C4<0>;
v00000000017a4020_0 .net/2u *"_s32", 1 0, L_00000000017b48c0;  1 drivers
v00000000017a2900_0 .net *"_s34", 1 0, L_00000000017b3cc0;  1 drivers
L_00000000017b4758 .functor BUFT 1, C4<00000000000000000000000000000000>, C4<0>, C4<0>, C4<0>;
v00000000017a3440_0 .net/2u *"_s4", 31 0, L_00000000017b4758;  1 drivers
v00000000017a2fe0_0 .net *"_s6", 0 0, L_00000000017b3a40;  1 drivers
v00000000017a33a0_0 .net *"_s8", 0 0, L_00000000013b0e00;  1 drivers
L_00000000017b39a0 .concat [ 5 27 0 0], v00000000017a19d0_0, L_00000000017b4710;
L_00000000017b3a40 .cmp/ne 32, L_00000000017b39a0, L_00000000017b4758;
L_00000000017b32c0 .cmp/eq 5, v00000000017a19d0_0, v00000000017a5810_0;
L_00000000017b35e0 .concat [ 5 27 0 0], v00000000017a59f0_0, L_00000000017b47e8;
L_00000000017b3400 .cmp/ne 32, L_00000000017b35e0, L_00000000017b4830;
L_00000000017b3e00 .cmp/eq 5, v00000000017a59f0_0, v00000000017a5810_0;
L_00000000017b3cc0 .functor MUXZ 2, L_00000000017b48c0, L_00000000017b4878, L_0000000001380170, C4<>;
L_00000000017b34a0 .functor MUXZ 2, L_00000000017b3cc0, L_00000000017b47a0, L_00000000013b0fc0, C4<>;
S_0000000001358ba0 .scope module, "Forwarding_B" "Forwarding" 3 179, 12 1 0, S_0000000001405970;
 .timescale 0 0;
    .port_info 0 /INPUT 5 "ID_EX_RS";
    .port_info 1 /INPUT 5 "EX_MEM_RD";
    .port_info 2 /INPUT 5 "MEM_WB_RD";
    .port_info 3 /INPUT 1 "EX_MEM_RegWrite";
    .port_info 4 /INPUT 1 "MEM_WB_RegWrite";
    .port_info 5 /OUTPUT 2 "Forward";
L_00000000013ded10 .functor AND 1, v00000000017a0490_0, L_00000000017b3ea0, C4<1>, C4<1>;
L_000000000180c760 .functor AND 1, L_00000000013ded10, L_00000000017b3f40, C4<1>, C4<1>;
L_000000000180c530 .functor AND 1, v00000000017a5e50_0, L_000000000180e1e0, C4<1>, C4<1>;
L_000000000180cca0 .functor AND 1, L_000000000180c530, L_000000000180efa0, C4<1>, C4<1>;
v00000000017a3760_0 .net "EX_MEM_RD", 4 0, v00000000017a19d0_0;  alias, 1 drivers
v00000000017a29a0_0 .net "EX_MEM_RegWrite", 0 0, v00000000017a0490_0;  alias, 1 drivers
v00000000017a2360_0 .net "Forward", 1 0, L_000000000180f180;  1 drivers
v00000000017a27c0_0 .net "ID_EX_RS", 4 0, v00000000017a4410_0;  1 drivers
v00000000017a3080_0 .net "MEM_WB_RD", 4 0, v00000000017a59f0_0;  alias, 1 drivers
v00000000017a2b80_0 .net "MEM_WB_RegWrite", 0 0, v00000000017a5e50_0;  alias, 1 drivers
v00000000017a3ee0_0 .net *"_s0", 31 0, L_00000000017b3d60;  1 drivers
v00000000017a2ea0_0 .net *"_s10", 0 0, L_00000000017b3f40;  1 drivers
v00000000017a2c20_0 .net *"_s12", 0 0, L_000000000180c760;  1 drivers
L_00000000017b4998 .functor BUFT 1, C4<10>, C4<0>, C4<0>, C4<0>;
v00000000017a34e0_0 .net/2u *"_s14", 1 0, L_00000000017b4998;  1 drivers
v00000000017a2860_0 .net *"_s16", 31 0, L_00000000017b2a00;  1 drivers
L_00000000017b49e0 .functor BUFT 1, C4<000000000000000000000000000>, C4<0>, C4<0>, C4<0>;
v00000000017a2720_0 .net *"_s19", 26 0, L_00000000017b49e0;  1 drivers
L_00000000017b4a28 .functor BUFT 1, C4<00000000000000000000000000000000>, C4<0>, C4<0>, C4<0>;
v00000000017a25e0_0 .net/2u *"_s20", 31 0, L_00000000017b4a28;  1 drivers
v00000000017a3580_0 .net *"_s22", 0 0, L_000000000180e1e0;  1 drivers
v00000000017a2400_0 .net *"_s24", 0 0, L_000000000180c530;  1 drivers
v00000000017a2a40_0 .net *"_s26", 0 0, L_000000000180efa0;  1 drivers
v00000000017a3620_0 .net *"_s28", 0 0, L_000000000180cca0;  1 drivers
L_00000000017b4908 .functor BUFT 1, C4<000000000000000000000000000>, C4<0>, C4<0>, C4<0>;
v00000000017a2ae0_0 .net *"_s3", 26 0, L_00000000017b4908;  1 drivers
L_00000000017b4a70 .functor BUFT 1, C4<01>, C4<0>, C4<0>, C4<0>;
v00000000017a36c0_0 .net/2u *"_s30", 1 0, L_00000000017b4a70;  1 drivers
L_00000000017b4ab8 .functor BUFT 1, C4<00>, C4<0>, C4<0>, C4<0>;
v00000000017a2d60_0 .net/2u *"_s32", 1 0, L_00000000017b4ab8;  1 drivers
v00000000017a3800_0 .net *"_s34", 1 0, L_000000000180f400;  1 drivers
L_00000000017b4950 .functor BUFT 1, C4<00000000000000000000000000000000>, C4<0>, C4<0>, C4<0>;
v00000000017a38a0_0 .net/2u *"_s4", 31 0, L_00000000017b4950;  1 drivers
v00000000017a3940_0 .net *"_s6", 0 0, L_00000000017b3ea0;  1 drivers
v00000000017a31c0_0 .net *"_s8", 0 0, L_00000000013ded10;  1 drivers
L_00000000017b3d60 .concat [ 5 27 0 0], v00000000017a19d0_0, L_00000000017b4908;
L_00000000017b3ea0 .cmp/ne 32, L_00000000017b3d60, L_00000000017b4950;
L_00000000017b3f40 .cmp/eq 5, v00000000017a19d0_0, v00000000017a4410_0;
L_00000000017b2a00 .concat [ 5 27 0 0], v00000000017a59f0_0, L_00000000017b49e0;
L_000000000180e1e0 .cmp/ne 32, L_00000000017b2a00, L_00000000017b4a28;
L_000000000180efa0 .cmp/eq 5, v00000000017a59f0_0, v00000000017a4410_0;
L_000000000180f400 .functor MUXZ 2, L_00000000017b4ab8, L_00000000017b4a70, L_000000000180cca0, C4<>;
L_000000000180f180 .functor MUXZ 2, L_000000000180f400, L_00000000017b4998, L_000000000180c760, C4<>;
S_0000000001372d40 .scope module, "HazardDetection" "HazardDetection" 3 74, 13 1 0, S_0000000001405970;
 .timescale 0 0;
    .port_info 0 /INPUT 1 "MemtoReg_i";
    .port_info 1 /INPUT 5 "RD_i";
    .port_info 2 /INPUT 32 "instr_i";
    .port_info 3 /INPUT 32 "addr_i";
    .port_info 4 /OUTPUT 1 "Stall_o";
    .port_info 5 /OUTPUT 32 "instr_o";
    .port_info 6 /OUTPUT 32 "addr_o";
    .port_info 7 /INPUT 1 "Branch_i";
    .port_info 8 /OUTPUT 1 "Flush_o";
L_00000000013de7d0 .functor BUFZ 32, v00000000017a4a50_0, C4<00000000000000000000000000000000>, C4<00000000000000000000000000000000>, C4<00000000000000000000000000000000>;
L_00000000013deca0 .functor BUFZ 32, v00000000017ad450_0, C4<00000000000000000000000000000000>, C4<00000000000000000000000000000000>, C4<00000000000000000000000000000000>;
v00000000017a2f40_0 .net "Branch_i", 0 0, v00000000017a0210_0;  1 drivers
v00000000017a39e0_0 .var "Flush_o", 0 0;
v00000000017a3a80_0 .net "MemtoReg_i", 0 0, v00000000017a5db0_0;  alias, 1 drivers
v00000000017a3b20_0 .net "RD_i", 4 0, v00000000017a4d70_0;  alias, 1 drivers
v00000000017a24a0_0 .var "Stall_o", 0 0;
v00000000017a3bc0_0 .net "addr_i", 31 0, v00000000017ad450_0;  alias, 1 drivers
v00000000017a3d00_0 .net "addr_o", 31 0, L_00000000013deca0;  1 drivers
v00000000017a2540_0 .net "instr_i", 31 0, v00000000017a4a50_0;  1 drivers
v00000000017a3f80_0 .net "instr_o", 31 0, L_00000000013de7d0;  1 drivers
E_00000000013f48d0 .event edge, v00000000017a1cf0_0, v00000000017a08f0_0, v00000000017a2540_0, v00000000017a0210_0;
S_0000000001372ed0 .scope module, "ID_EX" "ID_EX" 3 144, 14 1 0, S_0000000001405970;
 .timescale 0 0;
    .port_info 0 /INPUT 1 "clk_i";
    .port_info 1 /INPUT 32 "RS1data_i";
    .port_info 2 /INPUT 32 "RS2data_i";
    .port_info 3 /INPUT 32 "imm_i";
    .port_info 4 /INPUT 5 "RS1_i";
    .port_info 5 /INPUT 5 "RS2_i";
    .port_info 6 /INPUT 5 "RD_i";
    .port_info 7 /INPUT 1 "MemtoReg_i";
    .port_info 8 /INPUT 3 "ALUCtrl_i";
    .port_info 9 /INPUT 1 "MemWrite_i";
    .port_info 10 /INPUT 1 "ALUSrc_i";
    .port_info 11 /INPUT 1 "RegWrite_i";
    .port_info 12 /OUTPUT 32 "RS1data_o";
    .port_info 13 /OUTPUT 32 "RS2data_o";
    .port_info 14 /OUTPUT 32 "imm_o";
    .port_info 15 /OUTPUT 5 "RS1_o";
    .port_info 16 /OUTPUT 5 "RS2_o";
    .port_info 17 /OUTPUT 5 "RD_o";
    .port_info 18 /OUTPUT 1 "MemtoReg_o";
    .port_info 19 /OUTPUT 3 "ALUCtrl_o";
    .port_info 20 /OUTPUT 1 "MemWrite_o";
    .port_info 21 /OUTPUT 1 "ALUSrc_o";
    .port_info 22 /OUTPUT 1 "RegWrite_o";
v00000000017a3da0_0 .net "ALUCtrl_i", 2 0, L_00000000017b0e80;  alias, 1 drivers
v00000000017a53b0_0 .var "ALUCtrl_o", 2 0;
v00000000017a47d0_0 .net "ALUSrc_i", 0 0, v00000000017a1bb0_0;  1 drivers
v00000000017a6030_0 .var "ALUSrc_o", 0 0;
v00000000017a56d0_0 .net "MemWrite_i", 0 0, v00000000017a0350_0;  1 drivers
v00000000017a4e10_0 .var "MemWrite_o", 0 0;
v00000000017a5b30_0 .net "MemtoReg_i", 0 0, v00000000017a0d50_0;  1 drivers
v00000000017a5db0_0 .var "MemtoReg_o", 0 0;
v00000000017a5450_0 .net "RD_i", 4 0, L_00000000017b4080;  1 drivers
v00000000017a4d70_0 .var "RD_o", 4 0;
v00000000017a5950_0 .net "RS1_i", 4 0, L_00000000017b3680;  1 drivers
v00000000017a5810_0 .var "RS1_o", 4 0;
v00000000017a45f0_0 .net "RS1data_i", 31 0, L_00000000017b26e0;  alias, 1 drivers
v00000000017a5310_0 .var "RS1data_o", 31 0;
v00000000017a5a90_0 .net "RS2_i", 4 0, L_00000000017b3220;  1 drivers
v00000000017a4410_0 .var "RS2_o", 4 0;
v00000000017a5130_0 .net "RS2data_i", 31 0, L_00000000017b1600;  alias, 1 drivers
v00000000017a51d0_0 .var "RS2data_o", 31 0;
v00000000017a5590_0 .net "RegWrite_i", 0 0, v00000000017a17f0_0;  1 drivers
v00000000017a4190_0 .var "RegWrite_o", 0 0;
v00000000017a5c70_0 .net "clk_i", 0 0, v00000000017b1f60_0;  alias, 1 drivers
v00000000017a4690_0 .net "imm_i", 31 0, L_00000000017b1240;  1 drivers
v00000000017a4870_0 .var "imm_o", 31 0;
S_000000000135c860 .scope module, "IF_ID" "IF_ID" 3 62, 15 1 0, S_0000000001405970;
 .timescale 0 0;
    .port_info 0 /INPUT 1 "clk_i";
    .port_info 1 /INPUT 32 "addr_i";
    .port_info 2 /INPUT 32 "instr_i";
    .port_info 3 /INPUT 1 "Flush_i";
    .port_info 4 /INPUT 1 "Stall_i";
    .port_info 5 /INPUT 32 "instr_pre";
    .port_info 6 /INPUT 32 "addr_pre";
    .port_info 7 /OUTPUT 32 "addr_o";
    .port_info 8 /OUTPUT 32 "instr_o";
v00000000017a4550_0 .net "Flush_i", 0 0, v00000000017a39e0_0;  1 drivers
v00000000017a44b0_0 .net "Stall_i", 0 0, v00000000017a24a0_0;  alias, 1 drivers
v00000000017a5270_0 .net "addr_i", 31 0, v00000000017ad450_0;  alias, 1 drivers
v00000000017a4730_0 .var "addr_o", 31 0;
v00000000017a4910_0 .net "addr_pre", 31 0, L_00000000013deca0;  alias, 1 drivers
v00000000017a49b0_0 .net "clk_i", 0 0, v00000000017b1f60_0;  alias, 1 drivers
v00000000017a5090_0 .net "instr_i", 31 0, L_00000000013dec30;  1 drivers
v00000000017a4a50_0 .var "instr_o", 31 0;
v00000000017a54f0_0 .net "instr_pre", 31 0, L_00000000013de7d0;  alias, 1 drivers
L_00000000017b28c0 .part v00000000017a4a50_0, 0, 7;
L_00000000017b1d80 .part v00000000017a4a50_0, 25, 7;
L_00000000017b08e0 .part v00000000017a4a50_0, 12, 3;
L_00000000017b2780 .part v00000000017a4a50_0, 15, 5;
L_00000000017b0ca0 .part v00000000017a4a50_0, 20, 5;
L_00000000017b3680 .part v00000000017a4a50_0, 15, 5;
L_00000000017b3220 .part v00000000017a4a50_0, 20, 5;
L_00000000017b4080 .part v00000000017a4a50_0, 7, 5;
S_000000000135c9f0 .scope module, "Instruction_Memory" "Instruction_Memory" 3 57, 16 1 0, S_0000000001405970;
 .timescale 0 0;
    .port_info 0 /INPUT 32 "addr_i";
    .port_info 1 /OUTPUT 32 "instr_o";
L_00000000013dec30 .functor BUFZ 32, L_00000000017b1560, C4<00000000000000000000000000000000>, C4<00000000000000000000000000000000>, C4<00000000000000000000000000000000>;
v00000000017a4c30_0 .net *"_s0", 31 0, L_00000000017b1560;  1 drivers
v00000000017a4af0_0 .net *"_s2", 31 0, L_00000000017b14c0;  1 drivers
v00000000017a5630_0 .net *"_s4", 29 0, L_00000000017b2320;  1 drivers
L_00000000017b4290 .functor BUFT 1, C4<00>, C4<0>, C4<0>, C4<0>;
v00000000017a4b90_0 .net *"_s6", 1 0, L_00000000017b4290;  1 drivers
v00000000017a5770_0 .net "addr_i", 31 0, v00000000017ad450_0;  alias, 1 drivers
v00000000017a42d0_0 .net "instr_o", 31 0, L_00000000013dec30;  alias, 1 drivers
v00000000017a4cd0 .array "memory", 255 0, 31 0;
L_00000000017b1560 .array/port v00000000017a4cd0, L_00000000017b14c0;
L_00000000017b2320 .part v00000000017ad450_0, 2, 30;
L_00000000017b14c0 .concat [ 30 2 0 0], L_00000000017b2320, L_00000000017b4290;
S_00000000017aa980 .scope module, "MEM_WB" "MEM_WB" 3 242, 17 1 0, S_0000000001405970;
 .timescale 0 0;
    .port_info 0 /INPUT 1 "clk_i";
    .port_info 1 /INPUT 32 "ALU_i";
    .port_info 2 /INPUT 32 "data_i";
    .port_info 3 /INPUT 5 "RD_i";
    .port_info 4 /INPUT 1 "MemtoReg_i";
    .port_info 5 /INPUT 1 "RegWrite_i";
    .port_info 6 /OUTPUT 32 "ALU_o";
    .port_info 7 /OUTPUT 32 "data_o";
    .port_info 8 /OUTPUT 5 "RD_o";
    .port_info 9 /OUTPUT 1 "MemtoReg_o";
    .port_info 10 /OUTPUT 1 "RegWrite_o";
v00000000017a5ef0_0 .net "ALU_i", 31 0, v00000000017a07b0_0;  alias, 1 drivers
v00000000017a4eb0_0 .var "ALU_o", 31 0;
v00000000017a5bd0_0 .net "MemtoReg_i", 0 0, v00000000017a0850_0;  1 drivers
v00000000017a58b0_0 .var "MemtoReg_o", 0 0;
v00000000017a4f50_0 .net "RD_i", 4 0, v00000000017a19d0_0;  alias, 1 drivers
v00000000017a59f0_0 .var "RD_o", 4 0;
v00000000017a5d10_0 .net "RegWrite_i", 0 0, v00000000017a0490_0;  alias, 1 drivers
v00000000017a5e50_0 .var "RegWrite_o", 0 0;
v00000000017a4ff0_0 .net "clk_i", 0 0, v00000000017b1f60_0;  alias, 1 drivers
v00000000017a4370_0 .net "data_i", 31 0, L_000000000180d420;  alias, 1 drivers
v00000000017a5f90_0 .var "data_o", 31 0;
S_00000000017aae30 .scope module, "MUX_ALUFor_A" "MUX32_3" 3 188, 18 1 0, S_0000000001405970;
 .timescale 0 0;
    .port_info 0 /INPUT 32 "data1_i";
    .port_info 1 /INPUT 32 "data2_i";
    .port_info 2 /INPUT 32 "data3_i";
    .port_info 3 /INPUT 2 "select_i";
    .port_info 4 /OUTPUT 32 "data_o";
v00000000017ac840_0 .net *"_s0", 31 0, L_000000000180d600;  1 drivers
L_00000000017b4b90 .functor BUFT 1, C4<000000000000000000000000000000>, C4<0>, C4<0>, C4<0>;
v00000000017acd40_0 .net *"_s11", 29 0, L_00000000017b4b90;  1 drivers
L_00000000017b4bd8 .functor BUFT 1, C4<00000000000000000000000000000001>, C4<0>, C4<0>, C4<0>;
v00000000017abee0_0 .net/2u *"_s12", 31 0, L_00000000017b4bd8;  1 drivers
v00000000017acc00_0 .net *"_s14", 0 0, L_000000000180dce0;  1 drivers
v00000000017ac700_0 .net *"_s16", 31 0, L_000000000180ef00;  1 drivers
L_00000000017b4b00 .functor BUFT 1, C4<000000000000000000000000000000>, C4<0>, C4<0>, C4<0>;
v00000000017ab800_0 .net *"_s3", 29 0, L_00000000017b4b00;  1 drivers
L_00000000017b4b48 .functor BUFT 1, C4<00000000000000000000000000000000>, C4<0>, C4<0>, C4<0>;
v00000000017ad060_0 .net/2u *"_s4", 31 0, L_00000000017b4b48;  1 drivers
v00000000017abda0_0 .net *"_s6", 0 0, L_000000000180d560;  1 drivers
v00000000017ac160_0 .net *"_s8", 31 0, L_000000000180e500;  1 drivers
v00000000017ab440_0 .net "data1_i", 31 0, v00000000017a5310_0;  1 drivers
v00000000017ab3a0_0 .net "data2_i", 31 0, L_000000000180f540;  1 drivers
v00000000017ace80_0 .net "data3_i", 31 0, v00000000017a07b0_0;  alias, 1 drivers
v00000000017abf80_0 .net "data_o", 31 0, L_000000000180e3c0;  alias, 1 drivers
v00000000017ab8a0_0 .net "select_i", 1 0, L_00000000017b34a0;  alias, 1 drivers
L_000000000180d600 .concat [ 2 30 0 0], L_00000000017b34a0, L_00000000017b4b00;
L_000000000180d560 .cmp/eq 32, L_000000000180d600, L_00000000017b4b48;
L_000000000180e500 .concat [ 2 30 0 0], L_00000000017b34a0, L_00000000017b4b90;
L_000000000180dce0 .cmp/eq 32, L_000000000180e500, L_00000000017b4bd8;
L_000000000180ef00 .functor MUXZ 32, v00000000017a07b0_0, L_000000000180f540, L_000000000180dce0, C4<>;
L_000000000180e3c0 .functor MUXZ 32, L_000000000180ef00, v00000000017a5310_0, L_000000000180d560, C4<>;
S_00000000017aa7f0 .scope module, "MUX_ALUFor_B" "MUX32_3" 3 196, 18 1 0, S_0000000001405970;
 .timescale 0 0;
    .port_info 0 /INPUT 32 "data1_i";
    .port_info 1 /INPUT 32 "data2_i";
    .port_info 2 /INPUT 32 "data3_i";
    .port_info 3 /INPUT 2 "select_i";
    .port_info 4 /OUTPUT 32 "data_o";
v00000000017ab4e0_0 .net *"_s0", 31 0, L_000000000180f040;  1 drivers
L_00000000017b4cb0 .functor BUFT 1, C4<000000000000000000000000000000>, C4<0>, C4<0>, C4<0>;
v00000000017ab580_0 .net *"_s11", 29 0, L_00000000017b4cb0;  1 drivers
L_00000000017b4cf8 .functor BUFT 1, C4<00000000000000000000000000000001>, C4<0>, C4<0>, C4<0>;
v00000000017ab1c0_0 .net/2u *"_s12", 31 0, L_00000000017b4cf8;  1 drivers
v00000000017ab620_0 .net *"_s14", 0 0, L_000000000180f4a0;  1 drivers
v00000000017abe40_0 .net *"_s16", 31 0, L_000000000180ebe0;  1 drivers
L_00000000017b4c20 .functor BUFT 1, C4<000000000000000000000000000000>, C4<0>, C4<0>, C4<0>;
v00000000017ac020_0 .net *"_s3", 29 0, L_00000000017b4c20;  1 drivers
L_00000000017b4c68 .functor BUFT 1, C4<00000000000000000000000000000000>, C4<0>, C4<0>, C4<0>;
v00000000017ac0c0_0 .net/2u *"_s4", 31 0, L_00000000017b4c68;  1 drivers
v00000000017ac200_0 .net *"_s6", 0 0, L_000000000180f680;  1 drivers
v00000000017ac480_0 .net *"_s8", 31 0, L_000000000180e640;  1 drivers
v00000000017ab6c0_0 .net "data1_i", 31 0, v00000000017a51d0_0;  1 drivers
v00000000017acf20_0 .net "data2_i", 31 0, L_000000000180f540;  alias, 1 drivers
v00000000017abb20_0 .net "data3_i", 31 0, v00000000017a07b0_0;  alias, 1 drivers
v00000000017aca20_0 .net "data_o", 31 0, L_000000000180d740;  alias, 1 drivers
v00000000017ab760_0 .net "select_i", 1 0, L_000000000180f180;  alias, 1 drivers
L_000000000180f040 .concat [ 2 30 0 0], L_000000000180f180, L_00000000017b4c20;
L_000000000180f680 .cmp/eq 32, L_000000000180f040, L_00000000017b4c68;
L_000000000180e640 .concat [ 2 30 0 0], L_000000000180f180, L_00000000017b4cb0;
L_000000000180f4a0 .cmp/eq 32, L_000000000180e640, L_00000000017b4cf8;
L_000000000180ebe0 .functor MUXZ 32, v00000000017a07b0_0, L_000000000180f540, L_000000000180f4a0, C4<>;
L_000000000180d740 .functor MUXZ 32, L_000000000180ebe0, v00000000017a51d0_0, L_000000000180f680, C4<>;
S_00000000017aa340 .scope module, "MUX_ALUSrc" "MUX32_2" 3 204, 19 1 0, S_0000000001405970;
 .timescale 0 0;
    .port_info 0 /INPUT 32 "data1_i";
    .port_info 1 /INPUT 32 "data2_i";
    .port_info 2 /INPUT 1 "select_i";
    .port_info 3 /OUTPUT 32 "data_o";
v00000000017ac2a0_0 .net *"_s0", 31 0, L_000000000180d7e0;  1 drivers
L_00000000017b4d40 .functor BUFT 1, C4<0000000000000000000000000000000>, C4<0>, C4<0>, C4<0>;
v00000000017ac340_0 .net *"_s3", 30 0, L_00000000017b4d40;  1 drivers
L_00000000017b4d88 .functor BUFT 1, C4<00000000000000000000000000000000>, C4<0>, C4<0>, C4<0>;
v00000000017acac0_0 .net/2u *"_s4", 31 0, L_00000000017b4d88;  1 drivers
v00000000017acde0_0 .net *"_s6", 0 0, L_000000000180ea00;  1 drivers
v00000000017acca0_0 .net "data1_i", 31 0, L_000000000180d740;  alias, 1 drivers
v00000000017ab260_0 .net "data2_i", 31 0, v00000000017a4870_0;  1 drivers
v00000000017abbc0_0 .net "data_o", 31 0, L_000000000180f0e0;  alias, 1 drivers
v00000000017acb60_0 .net "select_i", 0 0, v00000000017a6030_0;  1 drivers
L_000000000180d7e0 .concat [ 1 31 0 0], v00000000017a6030_0, L_00000000017b4d40;
L_000000000180ea00 .cmp/eq 32, L_000000000180d7e0, L_00000000017b4d88;
L_000000000180f0e0 .functor MUXZ 32, v00000000017a4870_0, L_000000000180d740, L_000000000180ea00, C4<>;
S_00000000017aaca0 .scope module, "MUX_PC" "MUX32_2" 3 44, 19 1 0, S_0000000001405970;
 .timescale 0 0;
    .port_info 0 /INPUT 32 "data1_i";
    .port_info 1 /INPUT 32 "data2_i";
    .port_info 2 /INPUT 1 "select_i";
    .port_info 3 /OUTPUT 32 "data_o";
v00000000017acfc0_0 .net *"_s0", 31 0, L_00000000017b0de0;  1 drivers
L_00000000017b41b8 .functor BUFT 1, C4<0000000000000000000000000000000>, C4<0>, C4<0>, C4<0>;
v00000000017ab940_0 .net *"_s3", 30 0, L_00000000017b41b8;  1 drivers
L_00000000017b4200 .functor BUFT 1, C4<00000000000000000000000000000000>, C4<0>, C4<0>, C4<0>;
v00000000017ab9e0_0 .net/2u *"_s4", 31 0, L_00000000017b4200;  1 drivers
v00000000017ab300_0 .net *"_s6", 0 0, L_00000000017b25a0;  1 drivers
v00000000017ac3e0_0 .net "data1_i", 31 0, L_00000000017b0a20;  alias, 1 drivers
v00000000017aba80_0 .net "data2_i", 31 0, L_00000000017b30e0;  alias, 1 drivers
v00000000017abc60_0 .net "data_o", 31 0, L_00000000017b1920;  1 drivers
v00000000017ac8e0_0 .net "select_i", 0 0, v00000000017a0210_0;  alias, 1 drivers
L_00000000017b0de0 .concat [ 1 31 0 0], v00000000017a0210_0, L_00000000017b41b8;
L_00000000017b25a0 .cmp/eq 32, L_00000000017b0de0, L_00000000017b4200;
L_00000000017b1920 .functor MUXZ 32, L_00000000017b30e0, L_00000000017b0a20, L_00000000017b25a0, C4<>;
S_00000000017aafc0 .scope module, "MUX_WBSrc" "MUX32_2" 3 256, 19 1 0, S_0000000001405970;
 .timescale 0 0;
    .port_info 0 /INPUT 32 "data1_i";
    .port_info 1 /INPUT 32 "data2_i";
    .port_info 2 /INPUT 1 "select_i";
    .port_info 3 /OUTPUT 32 "data_o";
v00000000017abd00_0 .net *"_s0", 31 0, L_000000000180f360;  1 drivers
L_00000000017b4f38 .functor BUFT 1, C4<0000000000000000000000000000000>, C4<0>, C4<0>, C4<0>;
v00000000017ac520_0 .net *"_s3", 30 0, L_00000000017b4f38;  1 drivers
L_00000000017b4f80 .functor BUFT 1, C4<00000000000000000000000000000000>, C4<0>, C4<0>, C4<0>;
v00000000017ac5c0_0 .net/2u *"_s4", 31 0, L_00000000017b4f80;  1 drivers
v00000000017ac660_0 .net *"_s6", 0 0, L_000000000180d6a0;  1 drivers
v00000000017ac7a0_0 .net "data1_i", 31 0, v00000000017a4eb0_0;  1 drivers
v00000000017ac980_0 .net "data2_i", 31 0, v00000000017a5f90_0;  1 drivers
v00000000017ad590_0 .net "data_o", 31 0, L_000000000180f540;  alias, 1 drivers
v00000000017ae210_0 .net "select_i", 0 0, v00000000017a58b0_0;  1 drivers
L_000000000180f360 .concat [ 1 31 0 0], v00000000017a58b0_0, L_00000000017b4f38;
L_000000000180d6a0 .cmp/eq 32, L_000000000180f360, L_00000000017b4f80;
L_000000000180f540 .functor MUXZ 32, v00000000017a5f90_0, v00000000017a4eb0_0, L_000000000180d6a0, C4<>;
S_00000000017aab10 .scope module, "PC" "PC" 3 35, 20 1 0, S_0000000001405970;
 .timescale 0 0;
    .port_info 0 /INPUT 1 "clk_i";
    .port_info 1 /INPUT 1 "rst_i";
    .port_info 2 /INPUT 1 "start_i";
    .port_info 3 /INPUT 1 "PCWrite_i";
    .port_info 4 /INPUT 32 "pc_i";
    .port_info 5 /OUTPUT 32 "pc_o";
v00000000017ad630_0 .net "PCWrite_i", 0 0, L_00000000013df020;  1 drivers
v00000000017ae350_0 .net "clk_i", 0 0, v00000000017b1f60_0;  alias, 1 drivers
v00000000017ad6d0_0 .net "pc_i", 31 0, L_00000000017b1920;  alias, 1 drivers
v00000000017ad450_0 .var "pc_o", 31 0;
v00000000017ae170_0 .net "rst_i", 0 0, v00000000017b1b00_0;  alias, 1 drivers
v00000000017ad1d0_0 .net "start_i", 0 0, v00000000017b05c0_0;  alias, 1 drivers
E_00000000013f45d0/0 .event negedge, v00000000017ae170_0;
E_00000000013f45d0/1 .event posedge, v00000000017a05d0_0;
E_00000000013f45d0 .event/or E_00000000013f45d0/0, E_00000000013f45d0/1;
S_00000000017aa1b0 .scope module, "Registers" "Registers" 3 111, 21 1 0, S_0000000001405970;
 .timescale 0 0;
    .port_info 0 /INPUT 1 "clk_i";
    .port_info 1 /INPUT 5 "RS1addr_i";
    .port_info 2 /INPUT 5 "RS2addr_i";
    .port_info 3 /INPUT 5 "RDaddr_i";
    .port_info 4 /INPUT 32 "RDdata_i";
    .port_info 5 /INPUT 1 "RegWrite_i";
    .port_info 6 /OUTPUT 32 "RS1data_o";
    .port_info 7 /OUTPUT 32 "RS2data_o";
L_00000000013de8b0 .functor AND 1, L_00000000017b1100, v00000000017a5e50_0, C4<1>, C4<1>;
L_00000000013de5a0 .functor AND 1, L_00000000013de8b0, L_00000000017b0200, C4<1>, C4<1>;
L_00000000013de610 .functor AND 1, L_00000000017b0b60, v00000000017a5e50_0, C4<1>, C4<1>;
L_00000000013de920 .functor AND 1, L_00000000013de610, L_00000000017b0fc0, C4<1>, C4<1>;
v00000000017ad8b0_0 .net "RDaddr_i", 4 0, v00000000017a59f0_0;  alias, 1 drivers
v00000000017aef30_0 .net "RDdata_i", 31 0, L_000000000180f540;  alias, 1 drivers
v00000000017aec10_0 .net "RS1addr_i", 4 0, L_00000000017b2780;  1 drivers
v00000000017adef0_0 .net "RS1data_o", 31 0, L_00000000017b26e0;  alias, 1 drivers
v00000000017ad4f0_0 .net "RS2addr_i", 4 0, L_00000000017b0ca0;  1 drivers
v00000000017ade50_0 .net "RS2data_o", 31 0, L_00000000017b1600;  alias, 1 drivers
v00000000017aea30_0 .net "RegWrite_i", 0 0, v00000000017a5e50_0;  alias, 1 drivers
v00000000017af070_0 .net *"_s0", 0 0, L_00000000017b1100;  1 drivers
v00000000017ae8f0_0 .net *"_s10", 0 0, L_00000000017b0200;  1 drivers
v00000000017ad770_0 .net *"_s12", 0 0, L_00000000013de5a0;  1 drivers
v00000000017aecb0_0 .net *"_s14", 31 0, L_00000000017b1ec0;  1 drivers
v00000000017ad810_0 .net *"_s16", 6 0, L_00000000017b02a0;  1 drivers
L_00000000017b4488 .functor BUFT 1, C4<00>, C4<0>, C4<0>, C4<0>;
v00000000017ad950_0 .net *"_s19", 1 0, L_00000000017b4488;  1 drivers
v00000000017ae0d0_0 .net *"_s2", 0 0, L_00000000013de8b0;  1 drivers
v00000000017adf90_0 .net *"_s22", 0 0, L_00000000017b0b60;  1 drivers
v00000000017ad270_0 .net *"_s24", 0 0, L_00000000013de610;  1 drivers
v00000000017ad310_0 .net *"_s26", 31 0, L_00000000017b0f20;  1 drivers
L_00000000017b44d0 .functor BUFT 1, C4<000000000000000000000000000>, C4<0>, C4<0>, C4<0>;
v00000000017ad3b0_0 .net *"_s29", 26 0, L_00000000017b44d0;  1 drivers
L_00000000017b4518 .functor BUFT 1, C4<00000000000000000000000000000000>, C4<0>, C4<0>, C4<0>;
v00000000017aedf0_0 .net/2u *"_s30", 31 0, L_00000000017b4518;  1 drivers
v00000000017addb0_0 .net *"_s32", 0 0, L_00000000017b0fc0;  1 drivers
v00000000017ae030_0 .net *"_s34", 0 0, L_00000000013de920;  1 drivers
v00000000017ad9f0_0 .net *"_s36", 31 0, L_00000000017b2640;  1 drivers
v00000000017ada90_0 .net *"_s38", 6 0, L_00000000017b0c00;  1 drivers
v00000000017aee90_0 .net *"_s4", 31 0, L_00000000017b0980;  1 drivers
L_00000000017b4560 .functor BUFT 1, C4<00>, C4<0>, C4<0>, C4<0>;
v00000000017ae990_0 .net *"_s41", 1 0, L_00000000017b4560;  1 drivers
L_00000000017b43f8 .functor BUFT 1, C4<000000000000000000000000000>, C4<0>, C4<0>, C4<0>;
v00000000017aed50_0 .net *"_s7", 26 0, L_00000000017b43f8;  1 drivers
L_00000000017b4440 .functor BUFT 1, C4<00000000000000000000000000000000>, C4<0>, C4<0>, C4<0>;
v00000000017ae850_0 .net/2u *"_s8", 31 0, L_00000000017b4440;  1 drivers
v00000000017adb30_0 .net "clk_i", 0 0, v00000000017b1f60_0;  alias, 1 drivers
v00000000017adbd0 .array "register", 31 0, 31 0;
L_00000000017b1100 .cmp/eq 5, L_00000000017b2780, v00000000017a59f0_0;
L_00000000017b0980 .concat [ 5 27 0 0], v00000000017a59f0_0, L_00000000017b43f8;
L_00000000017b0200 .cmp/ne 32, L_00000000017b0980, L_00000000017b4440;
L_00000000017b1ec0 .array/port v00000000017adbd0, L_00000000017b02a0;
L_00000000017b02a0 .concat [ 5 2 0 0], L_00000000017b2780, L_00000000017b4488;
L_00000000017b26e0 .functor MUXZ 32, L_00000000017b1ec0, L_000000000180f540, L_00000000013de5a0, C4<>;
L_00000000017b0b60 .cmp/eq 5, L_00000000017b0ca0, v00000000017a59f0_0;
L_00000000017b0f20 .concat [ 5 27 0 0], v00000000017a59f0_0, L_00000000017b44d0;
L_00000000017b0fc0 .cmp/ne 32, L_00000000017b0f20, L_00000000017b4518;
L_00000000017b2640 .array/port v00000000017adbd0, L_00000000017b0c00;
L_00000000017b0c00 .concat [ 5 2 0 0], L_00000000017b0ca0, L_00000000017b4560;
L_00000000017b1600 .functor MUXZ 32, L_00000000017b2640, L_000000000180f540, L_00000000013de920, C4<>;
S_00000000017aa4d0 .scope module, "Shift_left" "Shift_left" 3 127, 22 1 0, S_0000000001405970;
 .timescale 0 0;
    .port_info 0 /INPUT 32 "data_i";
    .port_info 1 /OUTPUT 32 "data_o";
v00000000017ae2b0_0 .net *"_s2", 30 0, L_00000000017b3720;  1 drivers
L_00000000017b4638 .functor BUFT 1, C4<0>, C4<0>, C4<0>, C4<0>;
v00000000017ae3f0_0 .net *"_s4", 0 0, L_00000000017b4638;  1 drivers
v00000000017ae490_0 .net "data_i", 31 0, L_00000000017b1240;  alias, 1 drivers
v00000000017ae530_0 .net "data_o", 31 0, L_00000000017b3040;  alias, 1 drivers
L_00000000017b3720 .part L_00000000017b1240, 0, 31;
L_00000000017b3040 .concat [ 1 31 0 0], L_00000000017b4638, L_00000000017b3720;
S_00000000017aa660 .scope module, "Sign_Extend" "Sign_Extend" 3 122, 23 1 0, S_0000000001405970;
 .timescale 0 0;
    .port_info 0 /INPUT 32 "data_i";
    .port_info 1 /OUTPUT 32 "data_o";
v00000000017aead0_0 .net *"_s10", 2 0, L_00000000017b2dc0;  1 drivers
L_00000000017b45a8 .functor BUFT 1, C4<110>, C4<0>, C4<0>, C4<0>;
v00000000017ae5d0_0 .net/2u *"_s11", 2 0, L_00000000017b45a8;  1 drivers
v00000000017ae670_0 .net *"_s13", 0 0, L_00000000017b2e60;  1 drivers
v00000000017ae710_0 .net *"_s16", 0 0, L_00000000017b3360;  1 drivers
v00000000017adc70_0 .net *"_s18", 0 0, L_00000000017b3540;  1 drivers
v00000000017aeb70_0 .net *"_s20", 5 0, L_00000000017b3900;  1 drivers
v00000000017ae7b0_0 .net *"_s22", 3 0, L_00000000017b2f00;  1 drivers
v00000000017add10_0 .net *"_s23", 11 0, L_00000000017b2d20;  1 drivers
v00000000017aefd0_0 .net *"_s26", 2 0, L_00000000017b3ae0;  1 drivers
L_00000000017b45f0 .functor BUFT 1, C4<010>, C4<0>, C4<0>, C4<0>;
v00000000017b0660_0 .net/2u *"_s27", 2 0, L_00000000017b45f0;  1 drivers
v00000000017b23c0_0 .net *"_s29", 0 0, L_00000000017b3860;  1 drivers
v00000000017b0700_0 .net *"_s3", 0 0, L_00000000017b16a0;  1 drivers
v00000000017b0d40_0 .net *"_s32", 6 0, L_00000000017b2fa0;  1 drivers
v00000000017b20a0_0 .net *"_s34", 4 0, L_00000000017b3180;  1 drivers
v00000000017b0840_0 .net *"_s35", 11 0, L_00000000017b3b80;  1 drivers
v00000000017b2140_0 .net *"_s38", 11 0, L_00000000017b3c20;  1 drivers
v00000000017b19c0_0 .net *"_s39", 11 0, L_00000000017b3fe0;  1 drivers
v00000000017b2820_0 .net *"_s4", 19 0, L_00000000017b17e0;  1 drivers
v00000000017b1380_0 .net *"_s41", 11 0, L_00000000017b2aa0;  1 drivers
v00000000017b03e0_0 .net "data_i", 31 0, v00000000017a4a50_0;  alias, 1 drivers
v00000000017b0480_0 .net "data_o", 31 0, L_00000000017b1240;  alias, 1 drivers
L_00000000017b16a0 .part v00000000017a4a50_0, 31, 1;
LS_00000000017b17e0_0_0 .concat [ 1 1 1 1], L_00000000017b16a0, L_00000000017b16a0, L_00000000017b16a0, L_00000000017b16a0;
LS_00000000017b17e0_0_4 .concat [ 1 1 1 1], L_00000000017b16a0, L_00000000017b16a0, L_00000000017b16a0, L_00000000017b16a0;
LS_00000000017b17e0_0_8 .concat [ 1 1 1 1], L_00000000017b16a0, L_00000000017b16a0, L_00000000017b16a0, L_00000000017b16a0;
LS_00000000017b17e0_0_12 .concat [ 1 1 1 1], L_00000000017b16a0, L_00000000017b16a0, L_00000000017b16a0, L_00000000017b16a0;
LS_00000000017b17e0_0_16 .concat [ 1 1 1 1], L_00000000017b16a0, L_00000000017b16a0, L_00000000017b16a0, L_00000000017b16a0;
LS_00000000017b17e0_1_0 .concat [ 4 4 4 4], LS_00000000017b17e0_0_0, LS_00000000017b17e0_0_4, LS_00000000017b17e0_0_8, LS_00000000017b17e0_0_12;
LS_00000000017b17e0_1_4 .concat [ 4 0 0 0], LS_00000000017b17e0_0_16;
L_00000000017b17e0 .concat [ 16 4 0 0], LS_00000000017b17e0_1_0, LS_00000000017b17e0_1_4;
L_00000000017b1240 .concat8 [ 12 20 0 0], L_00000000017b2aa0, L_00000000017b17e0;
L_00000000017b2dc0 .part v00000000017a4a50_0, 4, 3;
L_00000000017b2e60 .cmp/eq 3, L_00000000017b2dc0, L_00000000017b45a8;
L_00000000017b3360 .part v00000000017a4a50_0, 31, 1;
L_00000000017b3540 .part v00000000017a4a50_0, 7, 1;
L_00000000017b3900 .part v00000000017a4a50_0, 25, 6;
L_00000000017b2f00 .part v00000000017a4a50_0, 8, 4;
L_00000000017b2d20 .concat [ 4 6 1 1], L_00000000017b2f00, L_00000000017b3900, L_00000000017b3540, L_00000000017b3360;
L_00000000017b3ae0 .part v00000000017a4a50_0, 4, 3;
L_00000000017b3860 .cmp/eq 3, L_00000000017b3ae0, L_00000000017b45f0;
L_00000000017b2fa0 .part v00000000017a4a50_0, 25, 7;
L_00000000017b3180 .part v00000000017a4a50_0, 7, 5;
L_00000000017b3b80 .concat [ 5 7 0 0], L_00000000017b3180, L_00000000017b2fa0;
L_00000000017b3c20 .part v00000000017a4a50_0, 20, 12;
L_00000000017b3fe0 .functor MUXZ 12, L_00000000017b3c20, L_00000000017b3b80, L_00000000017b3860, C4<>;
L_00000000017b2aa0 .functor MUXZ 12, L_00000000017b3fe0, L_00000000017b2d20, L_00000000017b2e60, C4<>;
    .scope S_00000000017aab10;
T_0 ;
    %wait E_00000000013f45d0;
    %load/vec4 v00000000017ae170_0;
    %inv;
    %flag_set/vec4 8;
    %jmp/0xz  T_0.0, 8;
    %pushi/vec4 0, 0, 32;
    %assign/vec4 v00000000017ad450_0, 0;
    %jmp T_0.1;
T_0.0 ;
    %load/vec4 v00000000017ad630_0;
    %flag_set/vec4 8;
    %jmp/0xz  T_0.2, 8;
    %load/vec4 v00000000017ad1d0_0;
    %flag_set/vec4 8;
    %jmp/0xz  T_0.4, 8;
    %load/vec4 v00000000017ad6d0_0;
    %assign/vec4 v00000000017ad450_0, 0;
    %jmp T_0.5;
T_0.4 ;
    %load/vec4 v00000000017ad450_0;
    %assign/vec4 v00000000017ad450_0, 0;
T_0.5 ;
T_0.2 ;
T_0.1 ;
    %jmp T_0;
    .thread T_0;
    .scope S_000000000135c860;
T_1 ;
    %wait E_00000000013f4110;
    %load/vec4 v00000000017a4550_0;
    %pad/u 32;
    %cmpi/e 1, 0, 32;
    %flag_mov 8, 4;
    %jmp/0 T_1.0, 8;
    %pushi/vec4 0, 0, 32;
    %jmp/1 T_1.1, 8;
T_1.0 ; End of true expr.
    %load/vec4 v00000000017a44b0_0;
    %pad/u 32;
    %cmpi/e 1, 0, 32;
    %flag_mov 9, 4;
    %jmp/0 T_1.2, 9;
    %load/vec4 v00000000017a4910_0;
    %jmp/1 T_1.3, 9;
T_1.2 ; End of true expr.
    %load/vec4 v00000000017a5270_0;
    %jmp/0 T_1.3, 9;
 ; End of false expr.
    %blend;
T_1.3;
    %jmp/0 T_1.1, 8;
 ; End of false expr.
    %blend;
T_1.1;
    %store/vec4 v00000000017a4730_0, 0, 32;
    %load/vec4 v00000000017a4550_0;
    %pad/u 32;
    %cmpi/e 1, 0, 32;
    %flag_mov 8, 4;
    %jmp/0 T_1.4, 8;
    %pushi/vec4 0, 0, 32;
    %jmp/1 T_1.5, 8;
T_1.4 ; End of true expr.
    %load/vec4 v00000000017a44b0_0;
    %pad/u 32;
    %cmpi/e 1, 0, 32;
    %flag_mov 9, 4;
    %jmp/0 T_1.6, 9;
    %load/vec4 v00000000017a54f0_0;
    %jmp/1 T_1.7, 9;
T_1.6 ; End of true expr.
    %load/vec4 v00000000017a5090_0;
    %jmp/0 T_1.7, 9;
 ; End of false expr.
    %blend;
T_1.7;
    %jmp/0 T_1.5, 8;
 ; End of false expr.
    %blend;
T_1.5;
    %store/vec4 v00000000017a4a50_0, 0, 32;
    %jmp T_1;
    .thread T_1;
    .scope S_0000000001372d40;
T_2 ;
    %wait E_00000000013f48d0;
    %pushi/vec4 0, 0, 1;
    %store/vec4 v00000000017a24a0_0, 0, 1;
    %load/vec4 v00000000017a3a80_0;
    %load/vec4 v00000000017a3b20_0;
    %pad/u 32;
    %pushi/vec4 0, 0, 32;
    %cmp/ne;
    %flag_get/vec4 4;
    %and;
    %flag_set/vec4 8;
    %jmp/0xz  T_2.0, 8;
    %load/vec4 v00000000017a2540_0;
    %parti/s 5, 15, 5;
    %load/vec4 v00000000017a3b20_0;
    %cmp/e;
    %jmp/0xz  T_2.2, 4;
    %pushi/vec4 1, 0, 1;
    %store/vec4 v00000000017a24a0_0, 0, 1;
    %jmp T_2.3;
T_2.2 ;
    %load/vec4 v00000000017a2540_0;
    %parti/s 1, 5, 4;
    %pushi/vec4 1, 0, 1;
    %cmp/e;
    %flag_get/vec4 4;
    %load/vec4 v00000000017a2540_0;
    %parti/s 5, 20, 6;
    %load/vec4 v00000000017a3b20_0;
    %cmp/e;
    %flag_get/vec4 4;
    %and;
    %flag_set/vec4 8;
    %jmp/0xz  T_2.4, 8;
    %pushi/vec4 1, 0, 1;
    %store/vec4 v00000000017a24a0_0, 0, 1;
T_2.4 ;
T_2.3 ;
T_2.0 ;
    %load/vec4 v00000000017a2f40_0;
    %store/vec4 v00000000017a39e0_0, 0, 1;
    %jmp T_2;
    .thread T_2, $push;
    .scope S_00000000009dbea0;
T_3 ;
    %wait E_00000000013f2c10;
    %load/vec4 v00000000017a0710_0;
    %pad/u 32;
    %cmpi/e 1, 0, 32;
    %flag_mov 8, 4;
    %jmp/0 T_3.0, 8;
    %pushi/vec4 0, 0, 1;
    %jmp/1 T_3.1, 8;
T_3.0 ; End of true expr.
    %load/vec4 v00000000017a1930_0;
    %parti/s 1, 6, 4;
    %jmp/0 T_3.1, 8;
 ; End of false expr.
    %blend;
T_3.1;
    %store/vec4 v00000000017a11b0_0, 0, 1;
    %load/vec4 v00000000017a0710_0;
    %pad/u 32;
    %cmpi/e 1, 0, 32;
    %flag_mov 8, 4;
    %jmp/0 T_3.2, 8;
    %pushi/vec4 0, 0, 2;
    %jmp/1 T_3.3, 8;
T_3.2 ; End of true expr.
    %load/vec4 v00000000017a1930_0;
    %parti/s 2, 4, 4;
    %cmpi/e 0, 0, 2;
    %flag_mov 9, 4;
    %jmp/0 T_3.4, 9;
    %pushi/vec4 1, 0, 2;
    %jmp/1 T_3.5, 9;
T_3.4 ; End of true expr.
    %pushi/vec4 0, 0, 2;
    %jmp/0 T_3.5, 9;
 ; End of false expr.
    %blend;
T_3.5;
    %jmp/0 T_3.3, 8;
 ; End of false expr.
    %blend;
T_3.3;
    %pad/s 1;
    %store/vec4 v00000000017a0d50_0, 0, 1;
    %load/vec4 v00000000017a0710_0;
    %pad/u 32;
    %cmpi/e 1, 0, 32;
    %flag_mov 8, 4;
    %jmp/0 T_3.6, 8;
    %pushi/vec4 0, 0, 2;
    %jmp/1 T_3.7, 8;
T_3.6 ; End of true expr.
    %load/vec4 v00000000017a1930_0;
    %parti/s 2, 4, 4;
    %cmpi/e 3, 0, 2;
    %flag_mov 9, 4;
    %jmp/0 T_3.8, 9;
    %pushi/vec4 1, 0, 2;
    %jmp/1 T_3.9, 9;
T_3.8 ; End of true expr.
    %pushi/vec4 0, 0, 2;
    %jmp/0 T_3.9, 9;
 ; End of false expr.
    %blend;
T_3.9;
    %jmp/0 T_3.7, 8;
 ; End of false expr.
    %blend;
T_3.7;
    %pad/s 1;
    %ix/load 4, 1, 0;
    %flag_set/imm 4, 0;
    %store/vec4 v00000000017a0df0_0, 4, 1;
    %load/vec4 v00000000017a0710_0;
    %pad/u 32;
    %cmpi/e 1, 0, 32;
    %flag_mov 8, 4;
    %jmp/0 T_3.10, 8;
    %pushi/vec4 0, 0, 1;
    %jmp/1 T_3.11, 8;
T_3.10 ; End of true expr.
    %load/vec4 v00000000017a1930_0;
    %parti/s 1, 6, 4;
    %jmp/0 T_3.11, 8;
 ; End of false expr.
    %blend;
T_3.11;
    %ix/load 4, 0, 0;
    %flag_set/imm 4, 0;
    %store/vec4 v00000000017a0df0_0, 4, 1;
    %load/vec4 v00000000017a0710_0;
    %pad/u 32;
    %cmpi/e 1, 0, 32;
    %flag_mov 8, 4;
    %jmp/0 T_3.12, 8;
    %pushi/vec4 0, 0, 2;
    %jmp/1 T_3.13, 8;
T_3.12 ; End of true expr.
    %load/vec4 v00000000017a1930_0;
    %parti/s 3, 4, 4;
    %cmpi/e 2, 0, 3;
    %flag_mov 9, 4;
    %jmp/0 T_3.14, 9;
    %pushi/vec4 1, 0, 2;
    %jmp/1 T_3.15, 9;
T_3.14 ; End of true expr.
    %pushi/vec4 0, 0, 2;
    %jmp/0 T_3.15, 9;
 ; End of false expr.
    %blend;
T_3.15;
    %jmp/0 T_3.13, 8;
 ; End of false expr.
    %blend;
T_3.13;
    %pad/s 1;
    %store/vec4 v00000000017a0350_0, 0, 1;
    %load/vec4 v00000000017a0710_0;
    %pad/u 32;
    %cmpi/e 1, 0, 32;
    %flag_mov 8, 4;
    %jmp/0 T_3.16, 8;
    %pushi/vec4 0, 0, 2;
    %jmp/1 T_3.17, 8;
T_3.16 ; End of true expr.
    %load/vec4 v00000000017a1930_0;
    %parti/s 2, 4, 4;
    %cmpi/e 3, 0, 2;
    %flag_mov 9, 4;
    %jmp/0 T_3.18, 9;
    %pushi/vec4 0, 0, 2;
    %jmp/1 T_3.19, 9;
T_3.18 ; End of true expr.
    %pushi/vec4 1, 0, 2;
    %jmp/0 T_3.19, 9;
 ; End of false expr.
    %blend;
T_3.19;
    %jmp/0 T_3.17, 8;
 ; End of false expr.
    %blend;
T_3.17;
    %pad/s 1;
    %store/vec4 v00000000017a1bb0_0, 0, 1;
    %load/vec4 v00000000017a0710_0;
    %pad/u 32;
    %cmpi/e 1, 0, 32;
    %flag_mov 8, 4;
    %jmp/0 T_3.20, 8;
    %pushi/vec4 0, 0, 2;
    %jmp/1 T_3.21, 8;
T_3.20 ; End of true expr.
    %load/vec4 v00000000017a1930_0;
    %parti/s 2, 4, 4;
    %cmpi/e 2, 0, 2;
    %flag_mov 9, 4;
    %jmp/0 T_3.22, 9;
    %pushi/vec4 0, 0, 2;
    %jmp/1 T_3.23, 9;
T_3.22 ; End of true expr.
    %pushi/vec4 1, 0, 2;
    %jmp/0 T_3.23, 9;
 ; End of false expr.
    %blend;
T_3.23;
    %jmp/0 T_3.21, 8;
 ; End of false expr.
    %blend;
T_3.21;
    %pad/s 1;
    %store/vec4 v00000000017a17f0_0, 0, 1;
    %jmp T_3;
    .thread T_3, $push;
    .scope S_0000000001369550;
T_4 ;
    %wait E_00000000013f1090;
    %load/vec4 v00000000017a0530_0;
    %load/vec4 v00000000017a1e30_0;
    %and;
    %store/vec4 v00000000017a0210_0, 0, 1;
    %jmp T_4;
    .thread T_4, $push;
    .scope S_00000000017aa1b0;
T_5 ;
    %wait E_00000000013f4110;
    %load/vec4 v00000000017aea30_0;
    %load/vec4 v00000000017ad8b0_0;
    %pad/u 32;
    %pushi/vec4 0, 0, 32;
    %cmp/ne;
    %flag_get/vec4 4;
    %and;
    %flag_set/vec4 8;
    %jmp/0xz  T_5.0, 8;
    %load/vec4 v00000000017aef30_0;
    %load/vec4 v00000000017ad8b0_0;
    %pad/u 7;
    %ix/vec4 3;
    %ix/load 4, 0, 0; Constant delay
    %assign/vec4/a/d v00000000017adbd0, 0, 4;
T_5.0 ;
    %jmp T_5;
    .thread T_5;
    .scope S_0000000001372ed0;
T_6 ;
    %wait E_00000000013f4110;
    %load/vec4 v00000000017a45f0_0;
    %assign/vec4 v00000000017a5310_0, 0;
    %load/vec4 v00000000017a5130_0;
    %assign/vec4 v00000000017a51d0_0, 0;
    %load/vec4 v00000000017a4690_0;
    %assign/vec4 v00000000017a4870_0, 0;
    %load/vec4 v00000000017a5950_0;
    %assign/vec4 v00000000017a5810_0, 0;
    %load/vec4 v00000000017a5a90_0;
    %assign/vec4 v00000000017a4410_0, 0;
    %load/vec4 v00000000017a5450_0;
    %assign/vec4 v00000000017a4d70_0, 0;
    %load/vec4 v00000000017a5b30_0;
    %assign/vec4 v00000000017a5db0_0, 0;
    %load/vec4 v00000000017a3da0_0;
    %assign/vec4 v00000000017a53b0_0, 0;
    %load/vec4 v00000000017a56d0_0;
    %assign/vec4 v00000000017a4e10_0, 0;
    %load/vec4 v00000000017a47d0_0;
    %assign/vec4 v00000000017a6030_0, 0;
    %load/vec4 v00000000017a5590_0;
    %assign/vec4 v00000000017a4190_0, 0;
    %jmp T_6;
    .thread T_6;
    .scope S_00000000009deaa0;
T_7 ;
    %wait E_00000000013f4110;
    %load/vec4 v00000000017a0f30_0;
    %assign/vec4 v00000000017a07b0_0, 0;
    %load/vec4 v00000000017a1070_0;
    %assign/vec4 v00000000017a02b0_0, 0;
    %load/vec4 v00000000017a08f0_0;
    %assign/vec4 v00000000017a19d0_0, 0;
    %load/vec4 v00000000017a1cf0_0;
    %assign/vec4 v00000000017a0850_0, 0;
    %load/vec4 v00000000017a1390_0;
    %assign/vec4 v00000000017a1250_0, 0;
    %load/vec4 v00000000017a1430_0;
    %assign/vec4 v00000000017a0490_0, 0;
    %jmp T_7;
    .thread T_7;
    .scope S_00000000009dc030;
T_8 ;
    %wait E_00000000013f4110;
    %load/vec4 v00000000017a1110_0;
    %flag_set/vec4 8;
    %jmp/0xz  T_8.0, 8;
    %load/vec4 v00000000017a0670_0;
    %ix/getv 3, v00000000017a1c50_0;
    %ix/load 4, 0, 0; Constant delay
    %assign/vec4/a/d v00000000017a16b0, 0, 4;
T_8.0 ;
    %jmp T_8;
    .thread T_8;
    .scope S_00000000017aa980;
T_9 ;
    %wait E_00000000013f4110;
    %load/vec4 v00000000017a5ef0_0;
    %assign/vec4 v00000000017a4eb0_0, 0;
    %load/vec4 v00000000017a4370_0;
    %assign/vec4 v00000000017a5f90_0, 0;
    %load/vec4 v00000000017a4f50_0;
    %assign/vec4 v00000000017a59f0_0, 0;
    %load/vec4 v00000000017a5bd0_0;
    %assign/vec4 v00000000017a58b0_0, 0;
    %load/vec4 v00000000017a5d10_0;
    %assign/vec4 v00000000017a5e50_0, 0;
    %jmp T_9;
    .thread T_9;
    .scope S_0000000001407d60;
T_10 ;
    %delay 25, 0;
    %load/vec4 v00000000017b1f60_0;
    %inv;
    %store/vec4 v00000000017b1f60_0, 0, 1;
    %jmp T_10;
    .thread T_10;
    .scope S_0000000001407d60;
T_11 ;
    %pushi/vec4 0, 0, 32;
    %store/vec4 v00000000017b1880_0, 0, 32;
    %pushi/vec4 0, 0, 32;
    %store/vec4 v00000000017b1740_0, 0, 32;
    %pushi/vec4 0, 0, 32;
    %store/vec4 v00000000017b0520_0, 0, 32;
    %pushi/vec4 0, 0, 32;
    %store/vec4 v00000000017b2000_0, 0, 32;
T_11.0 ;
    %load/vec4 v00000000017b2000_0;
    %cmpi/s 256, 0, 32;
    %jmp/0xz T_11.1, 5;
    %pushi/vec4 0, 0, 32;
    %ix/getv/s 4, v00000000017b2000_0;
    %store/vec4a v00000000017a4cd0, 4, 0;
    %load/vec4 v00000000017b2000_0;
    %addi 1, 0, 32;
    %store/vec4 v00000000017b2000_0, 0, 32;
    %jmp T_11.0;
T_11.1 ;
    %pushi/vec4 0, 0, 32;
    %store/vec4 v00000000017b2000_0, 0, 32;
T_11.2 ;
    %load/vec4 v00000000017b2000_0;
    %cmpi/s 32, 0, 32;
    %jmp/0xz T_11.3, 5;
    %pushi/vec4 0, 0, 32;
    %ix/getv/s 4, v00000000017b2000_0;
    %store/vec4a v00000000017a16b0, 4, 0;
    %load/vec4 v00000000017b2000_0;
    %addi 1, 0, 32;
    %store/vec4 v00000000017b2000_0, 0, 32;
    %jmp T_11.2;
T_11.3 ;
    %pushi/vec4 0, 0, 32;
    %store/vec4 v00000000017b2000_0, 0, 32;
T_11.4 ;
    %load/vec4 v00000000017b2000_0;
    %cmpi/s 32, 0, 32;
    %jmp/0xz T_11.5, 5;
    %pushi/vec4 0, 0, 32;
    %ix/getv/s 4, v00000000017b2000_0;
    %store/vec4a v00000000017adbd0, 4, 0;
    %load/vec4 v00000000017b2000_0;
    %addi 1, 0, 32;
    %store/vec4 v00000000017b2000_0, 0, 32;
    %jmp T_11.4;
T_11.5 ;
    %vpi_call 2 43 "$readmemb", "../testdata/instruction.txt", v00000000017a4cd0 {0 0 0};
    %vpi_func 2 48 "$fopen" 32, "../testdata/output.txt" {0 0 0};
    %pushi/vec4 1, 0, 32;
    %or;
    %store/vec4 v00000000017b12e0_0, 0, 32;
    %pushi/vec4 5, 0, 32;
    %ix/load 4, 0, 0;
    %flag_set/imm 4, 0;
    %store/vec4a v00000000017a16b0, 4, 0;
    %pushi/vec4 1, 0, 1;
    %store/vec4 v00000000017b1f60_0, 0, 1;
    %pushi/vec4 0, 0, 1;
    %store/vec4 v00000000017b1b00_0, 0, 1;
    %pushi/vec4 0, 0, 1;
    %store/vec4 v00000000017b05c0_0, 0, 1;
    %delay 1, 0;
    %pushi/vec4 0, 0, 1;
    %store/vec4 v00000000017a24a0_0, 0, 1;
    %pushi/vec4 0, 0, 1;
    %store/vec4 v00000000017a39e0_0, 0, 1;
    %pushi/vec4 0, 0, 1;
    %store/vec4 v00000000017a11b0_0, 0, 1;
    %pushi/vec4 0, 0, 1;
    %store/vec4 v00000000017a0d50_0, 0, 1;
    %pushi/vec4 0, 0, 2;
    %store/vec4 v00000000017a0df0_0, 0, 2;
    %pushi/vec4 0, 0, 1;
    %store/vec4 v00000000017a0350_0, 0, 1;
    %pushi/vec4 0, 0, 1;
    %store/vec4 v00000000017a1bb0_0, 0, 1;
    %pushi/vec4 0, 0, 1;
    %store/vec4 v00000000017a17f0_0, 0, 1;
    %pushi/vec4 0, 0, 1;
    %store/vec4 v00000000017a0210_0, 0, 1;
    %pushi/vec4 0, 0, 32;
    %store/vec4 v00000000017a4730_0, 0, 32;
    %pushi/vec4 0, 0, 32;
    %store/vec4 v00000000017a4a50_0, 0, 32;
    %pushi/vec4 0, 0, 32;
    %store/vec4 v00000000017a5310_0, 0, 32;
    %pushi/vec4 0, 0, 32;
    %store/vec4 v00000000017a51d0_0, 0, 32;
    %pushi/vec4 0, 0, 32;
    %store/vec4 v00000000017a4870_0, 0, 32;
    %pushi/vec4 0, 0, 5;
    %store/vec4 v00000000017a5810_0, 0, 5;
    %pushi/vec4 0, 0, 5;
    %store/vec4 v00000000017a4410_0, 0, 5;
    %pushi/vec4 0, 0, 5;
    %store/vec4 v00000000017a4d70_0, 0, 5;
    %pushi/vec4 0, 0, 1;
    %store/vec4 v00000000017a5db0_0, 0, 1;
    %pushi/vec4 0, 0, 3;
    %store/vec4 v00000000017a53b0_0, 0, 3;
    %pushi/vec4 0, 0, 1;
    %store/vec4 v00000000017a4e10_0, 0, 1;
    %pushi/vec4 0, 0, 1;
    %store/vec4 v00000000017a6030_0, 0, 1;
    %pushi/vec4 0, 0, 1;
    %store/vec4 v00000000017a4190_0, 0, 1;
    %pushi/vec4 0, 0, 32;
    %store/vec4 v00000000017a07b0_0, 0, 32;
    %pushi/vec4 0, 0, 32;
    %store/vec4 v00000000017a02b0_0, 0, 32;
    %pushi/vec4 0, 0, 5;
    %store/vec4 v00000000017a19d0_0, 0, 5;
    %pushi/vec4 0, 0, 1;
    %store/vec4 v00000000017a0850_0, 0, 1;
    %pushi/vec4 0, 0, 1;
    %store/vec4 v00000000017a1250_0, 0, 1;
    %pushi/vec4 0, 0, 1;
    %store/vec4 v00000000017a0490_0, 0, 1;
    %pushi/vec4 0, 0, 32;
    %store/vec4 v00000000017a4eb0_0, 0, 32;
    %pushi/vec4 0, 0, 32;
    %store/vec4 v00000000017a5f90_0, 0, 32;
    %pushi/vec4 0, 0, 5;
    %store/vec4 v00000000017a59f0_0, 0, 5;
    %pushi/vec4 0, 0, 1;
    %store/vec4 v00000000017a58b0_0, 0, 1;
    %pushi/vec4 0, 0, 1;
    %store/vec4 v00000000017a5e50_0, 0, 1;
    %delay 12, 0;
    %pushi/vec4 1, 0, 1;
    %store/vec4 v00000000017b1b00_0, 0, 1;
    %pushi/vec4 1, 0, 1;
    %store/vec4 v00000000017b05c0_0, 0, 1;
    %end;
    .thread T_11;
    .scope S_0000000001407d60;
T_12 ;
    %wait E_00000000013f4110;
    %load/vec4 v00000000017b1880_0;
    %cmpi/e 30, 0, 32;
    %jmp/0xz  T_12.0, 4;
    %vpi_call 2 107 "$finish" {0 0 0};
T_12.0 ;
    %load/vec4 v00000000017a24a0_0;
    %pad/u 32;
    %pushi/vec4 1, 0, 32;
    %cmp/e;
    %flag_get/vec4 4;
    %load/vec4 v00000000017a11b0_0;
    %pad/u 32;
    %pushi/vec4 0, 0, 32;
    %cmp/e;
    %flag_get/vec4 4;
    %and;
    %flag_set/vec4 8;
    %jmp/0xz  T_12.2, 8;
    %load/vec4 v00000000017b1740_0;
    %addi 1, 0, 32;
    %store/vec4 v00000000017b1740_0, 0, 32;
T_12.2 ;
    %load/vec4 v00000000017a39e0_0;
    %pad/u 32;
    %cmpi/e 1, 0, 32;
    %jmp/0xz  T_12.4, 4;
    %load/vec4 v00000000017b0520_0;
    %addi 1, 0, 32;
    %store/vec4 v00000000017b0520_0, 0, 32;
T_12.4 ;
    %vpi_call 2 115 "$fdisplay", v00000000017b12e0_0, "cycle = %d, Start = %d, Stall = %0d, Flush = %0d\012PC = %d", v00000000017b1880_0, v00000000017b05c0_0, v00000000017b1740_0, v00000000017b0520_0, v00000000017ad450_0 {0 0 0};
    %vpi_call 2 118 "$fdisplay", v00000000017b12e0_0, "Registers" {0 0 0};
    %vpi_call 2 119 "$fdisplay", v00000000017b12e0_0, "x0 = %d, x8  = %d, x16 = %d, x24 = %d", &A<v00000000017adbd0, 0>, &A<v00000000017adbd0, 8>, &A<v00000000017adbd0, 16>, &A<v00000000017adbd0, 24> {0 0 0};
    %vpi_call 2 120 "$fdisplay", v00000000017b12e0_0, "x1 = %d, x9  = %d, x17 = %d, x25 = %d", &A<v00000000017adbd0, 1>, &A<v00000000017adbd0, 9>, &A<v00000000017adbd0, 17>, &A<v00000000017adbd0, 25> {0 0 0};
    %vpi_call 2 121 "$fdisplay", v00000000017b12e0_0, "x2 = %d, x10 = %d, x18 = %d, x26 = %d", &A<v00000000017adbd0, 2>, &A<v00000000017adbd0, 10>, &A<v00000000017adbd0, 18>, &A<v00000000017adbd0, 26> {0 0 0};
    %vpi_call 2 122 "$fdisplay", v00000000017b12e0_0, "x3 = %d, x11 = %d, x19 = %d, x27 = %d", &A<v00000000017adbd0, 3>, &A<v00000000017adbd0, 11>, &A<v00000000017adbd0, 19>, &A<v00000000017adbd0, 27> {0 0 0};
    %vpi_call 2 123 "$fdisplay", v00000000017b12e0_0, "x4 = %d, x12 = %d, x20 = %d, x28 = %d", &A<v00000000017adbd0, 4>, &A<v00000000017adbd0, 12>, &A<v00000000017adbd0, 20>, &A<v00000000017adbd0, 28> {0 0 0};
    %vpi_call 2 124 "$fdisplay", v00000000017b12e0_0, "x5 = %d, x13 = %d, x21 = %d, x29 = %d", &A<v00000000017adbd0, 5>, &A<v00000000017adbd0, 13>, &A<v00000000017adbd0, 21>, &A<v00000000017adbd0, 29> {0 0 0};
    %vpi_call 2 125 "$fdisplay", v00000000017b12e0_0, "x6 = %d, x14 = %d, x22 = %d, x30 = %d", &A<v00000000017adbd0, 6>, &A<v00000000017adbd0, 14>, &A<v00000000017adbd0, 22>, &A<v00000000017adbd0, 30> {0 0 0};
    %vpi_call 2 126 "$fdisplay", v00000000017b12e0_0, "x7 = %d, x15 = %d, x23 = %d, x31 = %d", &A<v00000000017adbd0, 7>, &A<v00000000017adbd0, 15>, &A<v00000000017adbd0, 23>, &A<v00000000017adbd0, 31> {0 0 0};
    %ix/load 4, 3, 0;
    %flag_set/imm 4, 0;
    %load/vec4a v00000000017a16b0, 4;
    %ix/load 4, 2, 0;
    %flag_set/imm 4, 0;
    %load/vec4a v00000000017a16b0, 4;
    %concat/vec4; draw_concat_vec4
    %ix/load 4, 1, 0;
    %flag_set/imm 4, 0;
    %load/vec4a v00000000017a16b0, 4;
    %concat/vec4; draw_concat_vec4
    %ix/load 4, 0, 0;
    %flag_set/imm 4, 0;
    %load/vec4a v00000000017a16b0, 4;
    %concat/vec4; draw_concat_vec4
    %vpi_call 2 129 "$fdisplay", v00000000017b12e0_0, "Data Memory: 0x00 = %10d", S<0,vec4,u128> {1 0 0};
    %ix/load 4, 7, 0;
    %flag_set/imm 4, 0;
    %load/vec4a v00000000017a16b0, 4;
    %ix/load 4, 6, 0;
    %flag_set/imm 4, 0;
    %load/vec4a v00000000017a16b0, 4;
    %concat/vec4; draw_concat_vec4
    %ix/load 4, 5, 0;
    %flag_set/imm 4, 0;
    %load/vec4a v00000000017a16b0, 4;
    %concat/vec4; draw_concat_vec4
    %ix/load 4, 4, 0;
    %flag_set/imm 4, 0;
    %load/vec4a v00000000017a16b0, 4;
    %concat/vec4; draw_concat_vec4
    %vpi_call 2 130 "$fdisplay", v00000000017b12e0_0, "Data Memory: 0x04 = %10d", S<0,vec4,u128> {1 0 0};
    %ix/load 4, 11, 0;
    %flag_set/imm 4, 0;
    %load/vec4a v00000000017a16b0, 4;
    %ix/load 4, 10, 0;
    %flag_set/imm 4, 0;
    %load/vec4a v00000000017a16b0, 4;
    %concat/vec4; draw_concat_vec4
    %ix/load 4, 9, 0;
    %flag_set/imm 4, 0;
    %load/vec4a v00000000017a16b0, 4;
    %concat/vec4; draw_concat_vec4
    %ix/load 4, 8, 0;
    %flag_set/imm 4, 0;
    %load/vec4a v00000000017a16b0, 4;
    %concat/vec4; draw_concat_vec4
    %vpi_call 2 131 "$fdisplay", v00000000017b12e0_0, "Data Memory: 0x08 = %10d", S<0,vec4,u128> {1 0 0};
    %ix/load 4, 15, 0;
    %flag_set/imm 4, 0;
    %load/vec4a v00000000017a16b0, 4;
    %ix/load 4, 14, 0;
    %flag_set/imm 4, 0;
    %load/vec4a v00000000017a16b0, 4;
    %concat/vec4; draw_concat_vec4
    %ix/load 4, 13, 0;
    %flag_set/imm 4, 0;
    %load/vec4a v00000000017a16b0, 4;
    %concat/vec4; draw_concat_vec4
    %ix/load 4, 12, 0;
    %flag_set/imm 4, 0;
    %load/vec4a v00000000017a16b0, 4;
    %concat/vec4; draw_concat_vec4
    %vpi_call 2 132 "$fdisplay", v00000000017b12e0_0, "Data Memory: 0x0c = %10d", S<0,vec4,u128> {1 0 0};
    %ix/load 4, 19, 0;
    %flag_set/imm 4, 0;
    %load/vec4a v00000000017a16b0, 4;
    %ix/load 4, 18, 0;
    %flag_set/imm 4, 0;
    %load/vec4a v00000000017a16b0, 4;
    %concat/vec4; draw_concat_vec4
    %ix/load 4, 17, 0;
    %flag_set/imm 4, 0;
    %load/vec4a v00000000017a16b0, 4;
    %concat/vec4; draw_concat_vec4
    %ix/load 4, 16, 0;
    %flag_set/imm 4, 0;
    %load/vec4a v00000000017a16b0, 4;
    %concat/vec4; draw_concat_vec4
    %vpi_call 2 133 "$fdisplay", v00000000017b12e0_0, "Data Memory: 0x10 = %10d", S<0,vec4,u128> {1 0 0};
    %ix/load 4, 23, 0;
    %flag_set/imm 4, 0;
    %load/vec4a v00000000017a16b0, 4;
    %ix/load 4, 22, 0;
    %flag_set/imm 4, 0;
    %load/vec4a v00000000017a16b0, 4;
    %concat/vec4; draw_concat_vec4
    %ix/load 4, 21, 0;
    %flag_set/imm 4, 0;
    %load/vec4a v00000000017a16b0, 4;
    %concat/vec4; draw_concat_vec4
    %ix/load 4, 20, 0;
    %flag_set/imm 4, 0;
    %load/vec4a v00000000017a16b0, 4;
    %concat/vec4; draw_concat_vec4
    %vpi_call 2 134 "$fdisplay", v00000000017b12e0_0, "Data Memory: 0x14 = %10d", S<0,vec4,u128> {1 0 0};
    %ix/load 4, 27, 0;
    %flag_set/imm 4, 0;
    %load/vec4a v00000000017a16b0, 4;
    %ix/load 4, 26, 0;
    %flag_set/imm 4, 0;
    %load/vec4a v00000000017a16b0, 4;
    %concat/vec4; draw_concat_vec4
    %ix/load 4, 25, 0;
    %flag_set/imm 4, 0;
    %load/vec4a v00000000017a16b0, 4;
    %concat/vec4; draw_concat_vec4
    %ix/load 4, 24, 0;
    %flag_set/imm 4, 0;
    %load/vec4a v00000000017a16b0, 4;
    %concat/vec4; draw_concat_vec4
    %vpi_call 2 135 "$fdisplay", v00000000017b12e0_0, "Data Memory: 0x18 = %10d", S<0,vec4,u128> {1 0 0};
    %ix/load 4, 31, 0;
    %flag_set/imm 4, 0;
    %load/vec4a v00000000017a16b0, 4;
    %ix/load 4, 30, 0;
    %flag_set/imm 4, 0;
    %load/vec4a v00000000017a16b0, 4;
    %concat/vec4; draw_concat_vec4
    %ix/load 4, 29, 0;
    %flag_set/imm 4, 0;
    %load/vec4a v00000000017a16b0, 4;
    %concat/vec4; draw_concat_vec4
    %ix/load 4, 28, 0;
    %flag_set/imm 4, 0;
    %load/vec4a v00000000017a16b0, 4;
    %concat/vec4; draw_concat_vec4
    %vpi_call 2 136 "$fdisplay", v00000000017b12e0_0, "Data Memory: 0x1c = %10d", S<0,vec4,u128> {1 0 0};
    %vpi_call 2 138 "$fdisplay", v00000000017b12e0_0, "\012" {0 0 0};
    %load/vec4 v00000000017b1880_0;
    %addi 1, 0, 32;
    %store/vec4 v00000000017b1880_0, 0, 32;
    %jmp T_12;
    .thread T_12;
# The file index is used to find the file name in the following table.
:file_names 24;
    "N/A";
    "<interactive>";
    "testbench.v";
    "./CPU.v";
    "./ALU.v";
    "./ALU_Control.v";
    "./Adder.v";
    "./Branch.v";
    "./Control.v";
    "./Data_Memory.v";
    "./EX_MEM.v";
    "./Equal.v";
    "./Forwarding.v";
    "./HazardDetection.v";
    "./ID_EX.v";
    "./IF_ID.v";
    "./Instruction_Memory.v";
    "./MEM_WB.v";
    "./MUX32_3.v";
    "./MUX32_2.v";
    "./PC.v";
    "./Registers.v";
    "./Shift_left.v";
    "./Sign_Extend.v";
